2022-10-08 12:35:49 [INFO ] i.a.g.c.GreenFingerServerConsoleMain - Starting GreenFingerServerConsoleMain on DESKTOP-JVEFRNA with PID 13376 (F:\github_store\greenfinger\greenfinger-console\run\greenfinger-console-1.0.1.jar started by pagan in F:\github_store\greenfinger\greenfinger-console\run)
2022-10-08 12:35:49 [INFO ] i.a.g.c.GreenFingerServerConsoleMain - The following profiles are active: dev
2022-10-08 12:35:50 [INFO ] o.s.d.r.c.RepositoryConfigurationDelegate - Multiple Spring Data modules found, entering strict repository configuration mode!
2022-10-08 12:35:50 [INFO ] o.s.d.r.c.RepositoryConfigurationDelegate - Bootstrapping Spring Data Elasticsearch repositories in DEFAULT mode.
2022-10-08 12:35:50 [INFO ] o.s.d.r.c.RepositoryConfigurationDelegate - Finished Spring Data repository scanning in 84ms. Found 1 Elasticsearch repository interfaces.
2022-10-08 12:35:50 [INFO ] o.s.d.r.c.RepositoryConfigurationDelegate - Multiple Spring Data modules found, entering strict repository configuration mode!
2022-10-08 12:35:50 [INFO ] o.s.d.r.c.RepositoryConfigurationDelegate - Bootstrapping Spring Data Reactive Elasticsearch repositories in DEFAULT mode.
2022-10-08 12:35:50 [INFO ] o.s.d.r.c.RepositoryConfigurationDelegate - Finished Spring Data repository scanning in 15ms. Found 0 Reactive Elasticsearch repository interfaces.
2022-10-08 12:35:50 [INFO ] o.s.d.r.c.RepositoryConfigurationDelegate - Multiple Spring Data modules found, entering strict repository configuration mode!
2022-10-08 12:35:50 [INFO ] o.s.d.r.c.RepositoryConfigurationDelegate - Bootstrapping Spring Data Redis repositories in DEFAULT mode.
2022-10-08 12:35:50 [INFO ] o.s.d.r.c.RepositoryConfigurationDelegate - Finished Spring Data repository scanning in 3ms. Found 0 Redis repository interfaces.
2022-10-08 12:35:51 [INFO ] o.s.c.s.PostProcessorRegistrationDelegate$BeanPostProcessorChecker - Bean 'io.atlantisframework.tridenter.http.RestClientConfig' of type [io.atlantisframework.tridenter.http.RestClientConfig$$EnhancerBySpringCGLIB$$ec40954a] is not eligible for getting processed by all BeanPostProcessors (for example: not eligible for auto-proxying)
2022-10-08 12:35:51 [INFO ] o.s.c.s.PostProcessorRegistrationDelegate$BeanPostProcessorChecker - Bean 'io.atlantisframework.tridenter.multiprocess.MultiProcessingConfig' of type [io.atlantisframework.tridenter.multiprocess.MultiProcessingConfig$$EnhancerBySpringCGLIB$$8097f137] is not eligible for getting processed by all BeanPostProcessors (for example: not eligible for auto-proxying)
2022-10-08 12:35:51 [INFO ] o.s.c.s.PostProcessorRegistrationDelegate$BeanPostProcessorChecker - Bean 'io.atlantisframework.tridenter.multicast.ApplicationMulticastConfig' of type [io.atlantisframework.tridenter.multicast.ApplicationMulticastConfig$$EnhancerBySpringCGLIB$$d21303e1] is not eligible for getting processed by all BeanPostProcessors (for example: not eligible for auto-proxying)
2022-10-08 12:35:51 [INFO ] o.s.c.s.PostProcessorRegistrationDelegate$BeanPostProcessorChecker - Bean 'com.github.paganini2008.springdessert.reditools.messager.RedisMessageConfiguration' of type [com.github.paganini2008.springdessert.reditools.messager.RedisMessageConfiguration] is not eligible for getting processed by all BeanPostProcessors (for example: not eligible for auto-proxying)
2022-10-08 12:35:51 [INFO ] o.s.c.s.PostProcessorRegistrationDelegate$BeanPostProcessorChecker - Bean 'com.github.paganini2008.springdessert.reditools.messager.RedisMessageConfiguration$PubSubModeConfig' of type [com.github.paganini2008.springdessert.reditools.messager.RedisMessageConfiguration$PubSubModeConfig] is not eligible for getting processed by all BeanPostProcessors (for example: not eligible for auto-proxying)
2022-10-08 12:35:51 [INFO ] o.s.c.s.PostProcessorRegistrationDelegate$BeanPostProcessorChecker - Bean 'io.atlantisframework.tridenter.utils.RedisClientConfiguration' of type [io.atlantisframework.tridenter.utils.RedisClientConfiguration$$EnhancerBySpringCGLIB$$1c12722e] is not eligible for getting processed by all BeanPostProcessors (for example: not eligible for auto-proxying)
2022-10-08 12:35:51 [INFO ] o.s.c.s.PostProcessorRegistrationDelegate$BeanPostProcessorChecker - Bean 'atlantis.framework.redis-io.atlantisframework.tridenter.utils.RedisClientConfiguration$RedisSettings' of type [io.atlantisframework.tridenter.utils.RedisClientConfiguration$RedisSettings] is not eligible for getting processed by all BeanPostProcessors (for example: not eligible for auto-proxying)
2022-10-08 12:35:51 [INFO ] o.s.c.s.PostProcessorRegistrationDelegate$BeanPostProcessorChecker - Bean 'redisConfiguration' of type [org.springframework.data.redis.connection.RedisStandaloneConfiguration] is not eligible for getting processed by all BeanPostProcessors (for example: not eligible for auto-proxying)
2022-10-08 12:35:51 [INFO ] o.s.c.s.PostProcessorRegistrationDelegate$BeanPostProcessorChecker - Bean 'redisPoolConfig' of type [org.apache.commons.pool2.impl.GenericObjectPoolConfig] is not eligible for getting processed by all BeanPostProcessors (for example: not eligible for auto-proxying)
2022-10-08 12:35:52 [INFO ] o.s.c.s.PostProcessorRegistrationDelegate$BeanPostProcessorChecker - Bean 'redisConnectionFactory' of type [org.springframework.data.redis.connection.jedis.JedisConnectionFactory] is not eligible for getting processed by all BeanPostProcessors (for example: not eligible for auto-proxying)
2022-10-08 12:35:52 [INFO ] o.s.c.s.PostProcessorRegistrationDelegate$BeanPostProcessorChecker - Bean 'reditools:redis-serializer' of type [org.springframework.data.redis.serializer.Jackson2JsonRedisSerializer] is not eligible for getting processed by all BeanPostProcessors (for example: not eligible for auto-proxying)
2022-10-08 12:35:52 [INFO ] o.s.c.s.PostProcessorRegistrationDelegate$BeanPostProcessorChecker - Bean 'reditools:redis-template' of type [org.springframework.data.redis.core.RedisTemplate] is not eligible for getting processed by all BeanPostProcessors (for example: not eligible for auto-proxying)
2022-10-08 12:35:52 [INFO ] o.s.c.s.PostProcessorRegistrationDelegate$BeanPostProcessorChecker - Bean 'reditools:pubsub-redis-message-dispatcher' of type [com.github.paganini2008.springdessert.reditools.messager.PubSubRedisMessageDispatcher] is not eligible for getting processed by all BeanPostProcessors (for example: not eligible for auto-proxying)
2022-10-08 12:35:52 [INFO ] o.s.c.s.PostProcessorRegistrationDelegate$BeanPostProcessorChecker - Bean 'reditools:redis-message-event-listener' of type [com.github.paganini2008.springdessert.reditools.messager.RedisMessageEventListener] is not eligible for getting processed by all BeanPostProcessors (for example: not eligible for auto-proxying)
2022-10-08 12:35:52 [INFO ] o.s.c.s.PostProcessorRegistrationDelegate$BeanPostProcessorChecker - Bean 'applicationMulticastLoadBalancer' of type [io.atlantisframework.tridenter.ApplicationClusterLoadBalancer] is not eligible for getting processed by all BeanPostProcessors (for example: not eligible for auto-proxying)
2022-10-08 12:35:52 [INFO ] o.s.c.s.PostProcessorRegistrationDelegate$BeanPostProcessorChecker - Bean 'instanceIdGenerator' of type [io.atlantisframework.tridenter.DigestInstanceIdGenerator] is not eligible for getting processed by all BeanPostProcessors (for example: not eligible for auto-proxying)
2022-10-08 12:35:52 [INFO ] o.s.c.s.PostProcessorRegistrationDelegate$BeanPostProcessorChecker - Bean 'spring.application.cluster.contact-io.atlantisframework.tridenter.utils.Contact' of type [io.atlantisframework.tridenter.utils.Contact] is not eligible for getting processed by all BeanPostProcessors (for example: not eligible for auto-proxying)
2022-10-08 12:35:52 [INFO ] o.s.c.s.PostProcessorRegistrationDelegate$BeanPostProcessorChecker - Bean 'instanceId' of type [io.atlantisframework.tridenter.InstanceId] is not eligible for getting processed by all BeanPostProcessors (for example: not eligible for auto-proxying)
2022-10-08 12:35:52 [INFO ] o.s.c.s.PostProcessorRegistrationDelegate$BeanPostProcessorChecker - Bean 'multicastMessageAcker' of type [io.atlantisframework.tridenter.multicast.MulticastMessageAcker] is not eligible for getting processed by all BeanPostProcessors (for example: not eligible for auto-proxying)
2022-10-08 12:35:52 [INFO ] o.s.c.s.PostProcessorRegistrationDelegate$BeanPostProcessorChecker - Bean 'applicationMulticastGroup' of type [io.atlantisframework.tridenter.multicast.ApplicationMulticastGroup] is not eligible for getting processed by all BeanPostProcessors (for example: not eligible for auto-proxying)
2022-10-08 12:35:52 [INFO ] o.s.c.s.PostProcessorRegistrationDelegate$BeanPostProcessorChecker - Bean 'io.atlantisframework.vortex.NioTransportAutoConfiguration' of type [io.atlantisframework.vortex.NioTransportAutoConfiguration] is not eligible for getting processed by all BeanPostProcessors (for example: not eligible for auto-proxying)
2022-10-08 12:35:52 [INFO ] o.s.c.s.PostProcessorRegistrationDelegate$BeanPostProcessorChecker - Bean 'partitioner' of type [io.atlantisframework.vortex.common.MultipleChoicePartitioner] is not eligible for getting processed by all BeanPostProcessors (for example: not eligible for auto-proxying)
2022-10-08 12:35:52 [WARN ] o.s.b.w.s.c.AnnotationConfigServletWebServerApplicationContext - Exception encountered during context initialization - cancelling refresh attempt: org.springframework.beans.factory.BeanCreationException: Error creating bean with name 'io.atlantisframework.greenfinger.GreenFingerAutoConfiguration': Injection of autowired dependencies failed; nested exception is java.lang.NoClassDefFoundError: io/atlantisframework/vortex/common/NamedSelectionPartitioner
2022-10-08 12:35:52 [INFO ] o.s.b.a.l.ConditionEvaluationReportLoggingListener - 

Error starting ApplicationContext. To display the conditions report re-run your application with 'debug' enabled.
2022-10-08 12:37:19 [INFO ] i.a.g.c.GreenFingerServerConsoleMain - Starting GreenFingerServerConsoleMain on DESKTOP-JVEFRNA with PID 9804 (F:\github_store\greenfinger\greenfinger-console\run\greenfinger-console-1.0.1.jar started by pagan in F:\github_store\greenfinger\greenfinger-console\run)
2022-10-08 12:37:19 [INFO ] i.a.g.c.GreenFingerServerConsoleMain - The following profiles are active: dev
2022-10-08 12:37:20 [INFO ] o.s.d.r.c.RepositoryConfigurationDelegate - Multiple Spring Data modules found, entering strict repository configuration mode!
2022-10-08 12:37:20 [INFO ] o.s.d.r.c.RepositoryConfigurationDelegate - Bootstrapping Spring Data Elasticsearch repositories in DEFAULT mode.
2022-10-08 12:37:20 [INFO ] o.s.d.r.c.RepositoryConfigurationDelegate - Finished Spring Data repository scanning in 61ms. Found 1 Elasticsearch repository interfaces.
2022-10-08 12:37:20 [INFO ] o.s.d.r.c.RepositoryConfigurationDelegate - Multiple Spring Data modules found, entering strict repository configuration mode!
2022-10-08 12:37:20 [INFO ] o.s.d.r.c.RepositoryConfigurationDelegate - Bootstrapping Spring Data Reactive Elasticsearch repositories in DEFAULT mode.
2022-10-08 12:37:20 [INFO ] o.s.d.r.c.RepositoryConfigurationDelegate - Finished Spring Data repository scanning in 14ms. Found 0 Reactive Elasticsearch repository interfaces.
2022-10-08 12:37:20 [INFO ] o.s.d.r.c.RepositoryConfigurationDelegate - Multiple Spring Data modules found, entering strict repository configuration mode!
2022-10-08 12:37:20 [INFO ] o.s.d.r.c.RepositoryConfigurationDelegate - Bootstrapping Spring Data Redis repositories in DEFAULT mode.
2022-10-08 12:37:20 [INFO ] o.s.d.r.c.RepositoryConfigurationDelegate - Finished Spring Data repository scanning in 3ms. Found 0 Redis repository interfaces.
2022-10-08 12:37:21 [INFO ] o.s.c.s.PostProcessorRegistrationDelegate$BeanPostProcessorChecker - Bean 'io.atlantisframework.tridenter.http.RestClientConfig' of type [io.atlantisframework.tridenter.http.RestClientConfig$$EnhancerBySpringCGLIB$$79eb64f7] is not eligible for getting processed by all BeanPostProcessors (for example: not eligible for auto-proxying)
2022-10-08 12:37:21 [INFO ] o.s.c.s.PostProcessorRegistrationDelegate$BeanPostProcessorChecker - Bean 'io.atlantisframework.tridenter.multiprocess.MultiProcessingConfig' of type [io.atlantisframework.tridenter.multiprocess.MultiProcessingConfig$$EnhancerBySpringCGLIB$$e42c0e4] is not eligible for getting processed by all BeanPostProcessors (for example: not eligible for auto-proxying)
2022-10-08 12:37:21 [INFO ] o.s.c.s.PostProcessorRegistrationDelegate$BeanPostProcessorChecker - Bean 'io.atlantisframework.tridenter.multicast.ApplicationMulticastConfig' of type [io.atlantisframework.tridenter.multicast.ApplicationMulticastConfig$$EnhancerBySpringCGLIB$$5fbdd38e] is not eligible for getting processed by all BeanPostProcessors (for example: not eligible for auto-proxying)
2022-10-08 12:37:21 [INFO ] o.s.c.s.PostProcessorRegistrationDelegate$BeanPostProcessorChecker - Bean 'com.github.paganini2008.springdessert.reditools.messager.RedisMessageConfiguration' of type [com.github.paganini2008.springdessert.reditools.messager.RedisMessageConfiguration] is not eligible for getting processed by all BeanPostProcessors (for example: not eligible for auto-proxying)
2022-10-08 12:37:21 [INFO ] o.s.c.s.PostProcessorRegistrationDelegate$BeanPostProcessorChecker - Bean 'com.github.paganini2008.springdessert.reditools.messager.RedisMessageConfiguration$PubSubModeConfig' of type [com.github.paganini2008.springdessert.reditools.messager.RedisMessageConfiguration$PubSubModeConfig] is not eligible for getting processed by all BeanPostProcessors (for example: not eligible for auto-proxying)
2022-10-08 12:37:21 [INFO ] o.s.c.s.PostProcessorRegistrationDelegate$BeanPostProcessorChecker - Bean 'io.atlantisframework.tridenter.utils.RedisClientConfiguration' of type [io.atlantisframework.tridenter.utils.RedisClientConfiguration$$EnhancerBySpringCGLIB$$a9bd41db] is not eligible for getting processed by all BeanPostProcessors (for example: not eligible for auto-proxying)
2022-10-08 12:37:21 [INFO ] o.s.c.s.PostProcessorRegistrationDelegate$BeanPostProcessorChecker - Bean 'atlantis.framework.redis-io.atlantisframework.tridenter.utils.RedisClientConfiguration$RedisSettings' of type [io.atlantisframework.tridenter.utils.RedisClientConfiguration$RedisSettings] is not eligible for getting processed by all BeanPostProcessors (for example: not eligible for auto-proxying)
2022-10-08 12:37:21 [INFO ] o.s.c.s.PostProcessorRegistrationDelegate$BeanPostProcessorChecker - Bean 'redisConfiguration' of type [org.springframework.data.redis.connection.RedisStandaloneConfiguration] is not eligible for getting processed by all BeanPostProcessors (for example: not eligible for auto-proxying)
2022-10-08 12:37:21 [INFO ] o.s.c.s.PostProcessorRegistrationDelegate$BeanPostProcessorChecker - Bean 'redisPoolConfig' of type [org.apache.commons.pool2.impl.GenericObjectPoolConfig] is not eligible for getting processed by all BeanPostProcessors (for example: not eligible for auto-proxying)
2022-10-08 12:37:21 [INFO ] o.s.c.s.PostProcessorRegistrationDelegate$BeanPostProcessorChecker - Bean 'redisConnectionFactory' of type [org.springframework.data.redis.connection.jedis.JedisConnectionFactory] is not eligible for getting processed by all BeanPostProcessors (for example: not eligible for auto-proxying)
2022-10-08 12:37:21 [INFO ] o.s.c.s.PostProcessorRegistrationDelegate$BeanPostProcessorChecker - Bean 'reditools:redis-serializer' of type [org.springframework.data.redis.serializer.Jackson2JsonRedisSerializer] is not eligible for getting processed by all BeanPostProcessors (for example: not eligible for auto-proxying)
2022-10-08 12:37:21 [INFO ] o.s.c.s.PostProcessorRegistrationDelegate$BeanPostProcessorChecker - Bean 'reditools:redis-template' of type [org.springframework.data.redis.core.RedisTemplate] is not eligible for getting processed by all BeanPostProcessors (for example: not eligible for auto-proxying)
2022-10-08 12:37:21 [INFO ] o.s.c.s.PostProcessorRegistrationDelegate$BeanPostProcessorChecker - Bean 'reditools:pubsub-redis-message-dispatcher' of type [com.github.paganini2008.springdessert.reditools.messager.PubSubRedisMessageDispatcher] is not eligible for getting processed by all BeanPostProcessors (for example: not eligible for auto-proxying)
2022-10-08 12:37:21 [INFO ] o.s.c.s.PostProcessorRegistrationDelegate$BeanPostProcessorChecker - Bean 'reditools:redis-message-event-listener' of type [com.github.paganini2008.springdessert.reditools.messager.RedisMessageEventListener] is not eligible for getting processed by all BeanPostProcessors (for example: not eligible for auto-proxying)
2022-10-08 12:37:21 [INFO ] o.s.c.s.PostProcessorRegistrationDelegate$BeanPostProcessorChecker - Bean 'applicationMulticastLoadBalancer' of type [io.atlantisframework.tridenter.ApplicationClusterLoadBalancer] is not eligible for getting processed by all BeanPostProcessors (for example: not eligible for auto-proxying)
2022-10-08 12:37:21 [INFO ] o.s.c.s.PostProcessorRegistrationDelegate$BeanPostProcessorChecker - Bean 'instanceIdGenerator' of type [io.atlantisframework.tridenter.DigestInstanceIdGenerator] is not eligible for getting processed by all BeanPostProcessors (for example: not eligible for auto-proxying)
2022-10-08 12:37:21 [INFO ] o.s.c.s.PostProcessorRegistrationDelegate$BeanPostProcessorChecker - Bean 'spring.application.cluster.contact-io.atlantisframework.tridenter.utils.Contact' of type [io.atlantisframework.tridenter.utils.Contact] is not eligible for getting processed by all BeanPostProcessors (for example: not eligible for auto-proxying)
2022-10-08 12:37:21 [INFO ] o.s.c.s.PostProcessorRegistrationDelegate$BeanPostProcessorChecker - Bean 'instanceId' of type [io.atlantisframework.tridenter.InstanceId] is not eligible for getting processed by all BeanPostProcessors (for example: not eligible for auto-proxying)
2022-10-08 12:37:21 [INFO ] o.s.c.s.PostProcessorRegistrationDelegate$BeanPostProcessorChecker - Bean 'multicastMessageAcker' of type [io.atlantisframework.tridenter.multicast.MulticastMessageAcker] is not eligible for getting processed by all BeanPostProcessors (for example: not eligible for auto-proxying)
2022-10-08 12:37:21 [INFO ] o.s.c.s.PostProcessorRegistrationDelegate$BeanPostProcessorChecker - Bean 'applicationMulticastGroup' of type [io.atlantisframework.tridenter.multicast.ApplicationMulticastGroup] is not eligible for getting processed by all BeanPostProcessors (for example: not eligible for auto-proxying)
2022-10-08 12:37:21 [INFO ] o.s.c.s.PostProcessorRegistrationDelegate$BeanPostProcessorChecker - Bean 'io.atlantisframework.vortex.NioTransportAutoConfiguration' of type [io.atlantisframework.vortex.NioTransportAutoConfiguration] is not eligible for getting processed by all BeanPostProcessors (for example: not eligible for auto-proxying)
2022-10-08 12:37:21 [INFO ] o.s.c.s.PostProcessorRegistrationDelegate$BeanPostProcessorChecker - Bean 'partitioner' of type [io.atlantisframework.vortex.common.MultipleChoicePartitioner] is not eligible for getting processed by all BeanPostProcessors (for example: not eligible for auto-proxying)
2022-10-08 12:37:21 [INFO ] o.s.c.s.PostProcessorRegistrationDelegate$BeanPostProcessorChecker - Bean 'io.atlantisframework.greenfinger.GreenFingerAutoConfiguration' of type [io.atlantisframework.greenfinger.GreenFingerAutoConfiguration] is not eligible for getting processed by all BeanPostProcessors (for example: not eligible for auto-proxying)
2022-10-08 12:37:21 [INFO ] o.s.c.s.PostProcessorRegistrationDelegate$BeanPostProcessorChecker - Bean 'com.github.paganini2008.springdessert.reditools.common.RedisCommonConfiguration' of type [com.github.paganini2008.springdessert.reditools.common.RedisCommonConfiguration] is not eligible for getting processed by all BeanPostProcessors (for example: not eligible for auto-proxying)
2022-10-08 12:37:22 [WARN ] io.undertow.websockets.jsr - UT026010: Buffer pool was not set on WebSocketDeploymentInfo, the default pool will be used
2022-10-08 12:37:22 [INFO ] io.undertow.servlet - Initializing Spring embedded WebApplicationContext
2022-10-08 12:37:22 [INFO ] o.s.web.context.ContextLoader - Root WebApplicationContext: initialization completed in 2809 ms
2022-10-08 12:37:22 [INFO ] o.s.s.c.ThreadPoolTaskExecutor - Initializing ExecutorService 'applicationClusterTaskExecutor'
2022-10-08 12:37:22 [INFO ] o.s.s.c.ThreadPoolTaskScheduler - Initializing ExecutorService 'applicationClusterTaskScheduler'
2022-10-08 12:37:23 [INFO ] o.e.plugins.PluginsService - no modules loaded
2022-10-08 12:37:23 [INFO ] o.e.plugins.PluginsService - loaded plugin [org.elasticsearch.index.reindex.ReindexPlugin]
2022-10-08 12:37:23 [INFO ] o.e.plugins.PluginsService - loaded plugin [org.elasticsearch.join.ParentJoinPlugin]
2022-10-08 12:37:23 [INFO ] o.e.plugins.PluginsService - loaded plugin [org.elasticsearch.percolator.PercolatorPlugin]
2022-10-08 12:37:23 [INFO ] o.e.plugins.PluginsService - loaded plugin [org.elasticsearch.script.mustache.MustachePlugin]
2022-10-08 12:37:23 [INFO ] o.e.plugins.PluginsService - loaded plugin [org.elasticsearch.transport.Netty4Plugin]
2022-10-08 12:37:25 [INFO ] o.s.d.e.c.TransportClientFactoryBean - Adding transport node : 192.168.159.131:9300
2022-10-08 12:37:27 [INFO ] com.zaxxer.hikari.HikariDataSource - HikariPool-1 - Starting...
2022-10-08 12:37:28 [INFO ] com.zaxxer.hikari.HikariDataSource - HikariPool-1 - Start completed.
2022-10-08 12:37:28 [INFO ] i.a.g.console.config.JmxConfig - JmxServiceUrl: service:jmx:rmi://192.168.159.1:58679/jndi/rmi://192.168.159.1:58679/jmxrmi
2022-10-08 12:37:28 [INFO ] i.a.g.console.config.JmxConfig - JmxConfigBean create successfully.
2022-10-08 12:37:28 [INFO ] o.s.j.s.ConnectorServerFactoryBean - JMX connector server started: javax.management.remote.rmi.RMIConnectorServer@3ae91bcc
2022-10-08 12:37:28 [INFO ] i.a.vortex.transport.NettyServer - Netty is started on: 0.0.0.0/0.0.0.0:58887
2022-10-08 12:37:28 [INFO ] o.s.s.c.ThreadPoolTaskExecutor - Initializing ExecutorService 'loopProcessorThreadPool'
2022-10-08 12:37:29 [INFO ] i.a.tridenter.InstanceId - 
	Generate the instanceId: f45e4052dd03ca3b2d082f865f7ee40c
2022-10-08 12:37:29 [INFO ] o.s.b.a.e.web.EndpointLinksResolver - Exposing 2 endpoint(s) beneath base path '/actuator'
2022-10-08 12:37:29 [INFO ] i.a.vortex.TupleLoopProcessor - Add handler: timeWindow/io.atlantisframework.vortex.streaming.TimeWindowHandler@593d0173
2022-10-08 12:37:29 [INFO ] i.a.vortex.TupleLoopProcessor - Add handler: default/io.atlantisframework.greenfinger.CrawlerHandler@4a0a93ce
2022-10-08 12:37:29 [INFO ] i.a.vortex.TupleLoopProcessor - TupleLoopProcessor is started.
2022-10-08 12:37:30 [INFO ] io.undertow - starting server: Undertow - 2.0.29.Final
2022-10-08 12:37:30 [INFO ] org.xnio - XNIO version 3.3.8.Final
2022-10-08 12:37:30 [INFO ] org.xnio.nio - XNIO NIO Implementation Version 3.3.8.Final
2022-10-08 12:37:30 [INFO ] i.a.t.m.ApplicationMulticastGroup - Registered candidate: {applicationContextPath: http://192.168.159.1:21213/atlantis/greenfinger, applicationName: greenfinger-console, clusterName: greenfinger-console-cluster, id: f45e4052dd03ca3b2d082f865f7ee40c, leader: false, startTime: 1665193041821, weight: 1}, Proportion: 1/1
2022-10-08 12:37:30 [INFO ] i.a.v.transport.NioServerStarter - Application '{applicationContextPath: http://192.168.159.1:21213/atlantis/greenfinger, applicationName: greenfinger-console, clusterName: greenfinger-console-cluster, id: f45e4052dd03ca3b2d082f865f7ee40c, leader: false, startTime: 1665193041821, weight: 1}' join transport cluster 'greenfinger-console-cluster'
2022-10-08 12:37:30 [INFO ] i.a.t.m.ApplicationRegistryCenter - Register application: [{applicationContextPath: http://192.168.159.1:21213/atlantis/greenfinger, applicationName: greenfinger-console, clusterName: greenfinger-console-cluster, id: f45e4052dd03ca3b2d082f865f7ee40c, leader: false, startTime: 1665193041821, weight: 1}] to ApplicationRegistryCenter
2022-10-08 12:37:30 [INFO ] i.a.t.e.ApplicationLeaderElection - This is the leader of application cluster 'greenfinger-console-cluster'. Current application event type is 'io.atlantisframework.tridenter.election.ApplicationClusterLeaderEvent'
2022-10-08 12:37:30 [INFO ] i.a.t.e.ApplicationLeaderElection - Current leader: {applicationContextPath: http://192.168.159.1:21213/atlantis/greenfinger, applicationName: greenfinger-console, clusterName: greenfinger-console-cluster, id: f45e4052dd03ca3b2d082f865f7ee40c, leader: true, startTime: 1665193041821, weight: 1}
2022-10-08 12:37:30 [INFO ] i.a.vortex.NioTransportContext - NioClient connect to /0.0.0.0:58887
2022-10-08 12:37:30 [INFO ] o.s.b.w.e.u.UndertowServletWebServer - Undertow started on port(s) 21213 (http) with context path '/atlantis/greenfinger'
2022-10-08 12:37:30 [INFO ] i.a.g.c.GreenFingerServerConsoleMain - Started GreenFingerServerConsoleMain in 10.854 seconds (JVM running for 11.506)
2022-10-08 12:38:04 [INFO ] io.undertow.servlet - Initializing Spring DispatcherServlet 'dispatcherServlet'
2022-10-08 12:38:04 [INFO ] o.s.web.servlet.DispatcherServlet - Initializing Servlet 'dispatcherServlet'
2022-10-08 12:38:04 [INFO ] o.s.web.servlet.DispatcherServlet - Completed initialization in 15 ms
2022-10-08 12:39:13 [INFO ] i.a.g.c.GreenFingerServerConsoleMain - Starting GreenFingerServerConsoleMain on DESKTOP-JVEFRNA with PID 20932 (F:\github_store\greenfinger\greenfinger-console\run\greenfinger-console-1.0.1.jar started by pagan in F:\github_store\greenfinger\greenfinger-console\run)
2022-10-08 12:39:13 [INFO ] i.a.g.c.GreenFingerServerConsoleMain - The following profiles are active: dev
2022-10-08 12:39:14 [INFO ] o.s.d.r.c.RepositoryConfigurationDelegate - Multiple Spring Data modules found, entering strict repository configuration mode!
2022-10-08 12:39:14 [INFO ] o.s.d.r.c.RepositoryConfigurationDelegate - Bootstrapping Spring Data Elasticsearch repositories in DEFAULT mode.
2022-10-08 12:39:14 [INFO ] o.s.d.r.c.RepositoryConfigurationDelegate - Finished Spring Data repository scanning in 65ms. Found 1 Elasticsearch repository interfaces.
2022-10-08 12:39:15 [INFO ] o.s.d.r.c.RepositoryConfigurationDelegate - Multiple Spring Data modules found, entering strict repository configuration mode!
2022-10-08 12:39:15 [INFO ] o.s.d.r.c.RepositoryConfigurationDelegate - Bootstrapping Spring Data Reactive Elasticsearch repositories in DEFAULT mode.
2022-10-08 12:39:15 [INFO ] o.s.d.r.c.RepositoryConfigurationDelegate - Finished Spring Data repository scanning in 13ms. Found 0 Reactive Elasticsearch repository interfaces.
2022-10-08 12:39:15 [INFO ] o.s.d.r.c.RepositoryConfigurationDelegate - Multiple Spring Data modules found, entering strict repository configuration mode!
2022-10-08 12:39:15 [INFO ] o.s.d.r.c.RepositoryConfigurationDelegate - Bootstrapping Spring Data Redis repositories in DEFAULT mode.
2022-10-08 12:39:15 [INFO ] o.s.d.r.c.RepositoryConfigurationDelegate - Finished Spring Data repository scanning in 5ms. Found 0 Redis repository interfaces.
2022-10-08 12:39:15 [INFO ] o.s.c.s.PostProcessorRegistrationDelegate$BeanPostProcessorChecker - Bean 'io.atlantisframework.tridenter.http.RestClientConfig' of type [io.atlantisframework.tridenter.http.RestClientConfig$$EnhancerBySpringCGLIB$$794324d1] is not eligible for getting processed by all BeanPostProcessors (for example: not eligible for auto-proxying)
2022-10-08 12:39:15 [INFO ] o.s.c.s.PostProcessorRegistrationDelegate$BeanPostProcessorChecker - Bean 'io.atlantisframework.tridenter.multiprocess.MultiProcessingConfig' of type [io.atlantisframework.tridenter.multiprocess.MultiProcessingConfig$$EnhancerBySpringCGLIB$$d9a80be] is not eligible for getting processed by all BeanPostProcessors (for example: not eligible for auto-proxying)
2022-10-08 12:39:15 [INFO ] o.s.c.s.PostProcessorRegistrationDelegate$BeanPostProcessorChecker - Bean 'io.atlantisframework.tridenter.multicast.ApplicationMulticastConfig' of type [io.atlantisframework.tridenter.multicast.ApplicationMulticastConfig$$EnhancerBySpringCGLIB$$5f159368] is not eligible for getting processed by all BeanPostProcessors (for example: not eligible for auto-proxying)
2022-10-08 12:39:15 [INFO ] o.s.c.s.PostProcessorRegistrationDelegate$BeanPostProcessorChecker - Bean 'com.github.paganini2008.springdessert.reditools.messager.RedisMessageConfiguration' of type [com.github.paganini2008.springdessert.reditools.messager.RedisMessageConfiguration] is not eligible for getting processed by all BeanPostProcessors (for example: not eligible for auto-proxying)
2022-10-08 12:39:15 [INFO ] o.s.c.s.PostProcessorRegistrationDelegate$BeanPostProcessorChecker - Bean 'com.github.paganini2008.springdessert.reditools.messager.RedisMessageConfiguration$PubSubModeConfig' of type [com.github.paganini2008.springdessert.reditools.messager.RedisMessageConfiguration$PubSubModeConfig] is not eligible for getting processed by all BeanPostProcessors (for example: not eligible for auto-proxying)
2022-10-08 12:39:15 [INFO ] o.s.c.s.PostProcessorRegistrationDelegate$BeanPostProcessorChecker - Bean 'io.atlantisframework.tridenter.utils.RedisClientConfiguration' of type [io.atlantisframework.tridenter.utils.RedisClientConfiguration$$EnhancerBySpringCGLIB$$a91501b5] is not eligible for getting processed by all BeanPostProcessors (for example: not eligible for auto-proxying)
2022-10-08 12:39:15 [INFO ] o.s.c.s.PostProcessorRegistrationDelegate$BeanPostProcessorChecker - Bean 'atlantis.framework.redis-io.atlantisframework.tridenter.utils.RedisClientConfiguration$RedisSettings' of type [io.atlantisframework.tridenter.utils.RedisClientConfiguration$RedisSettings] is not eligible for getting processed by all BeanPostProcessors (for example: not eligible for auto-proxying)
2022-10-08 12:39:15 [INFO ] o.s.c.s.PostProcessorRegistrationDelegate$BeanPostProcessorChecker - Bean 'redisConfiguration' of type [org.springframework.data.redis.connection.RedisStandaloneConfiguration] is not eligible for getting processed by all BeanPostProcessors (for example: not eligible for auto-proxying)
2022-10-08 12:39:15 [INFO ] o.s.c.s.PostProcessorRegistrationDelegate$BeanPostProcessorChecker - Bean 'redisPoolConfig' of type [org.apache.commons.pool2.impl.GenericObjectPoolConfig] is not eligible for getting processed by all BeanPostProcessors (for example: not eligible for auto-proxying)
2022-10-08 12:39:15 [INFO ] o.s.c.s.PostProcessorRegistrationDelegate$BeanPostProcessorChecker - Bean 'redisConnectionFactory' of type [org.springframework.data.redis.connection.jedis.JedisConnectionFactory] is not eligible for getting processed by all BeanPostProcessors (for example: not eligible for auto-proxying)
2022-10-08 12:39:16 [INFO ] o.s.c.s.PostProcessorRegistrationDelegate$BeanPostProcessorChecker - Bean 'reditools:redis-serializer' of type [org.springframework.data.redis.serializer.Jackson2JsonRedisSerializer] is not eligible for getting processed by all BeanPostProcessors (for example: not eligible for auto-proxying)
2022-10-08 12:39:16 [INFO ] o.s.c.s.PostProcessorRegistrationDelegate$BeanPostProcessorChecker - Bean 'reditools:redis-template' of type [org.springframework.data.redis.core.RedisTemplate] is not eligible for getting processed by all BeanPostProcessors (for example: not eligible for auto-proxying)
2022-10-08 12:39:16 [INFO ] o.s.c.s.PostProcessorRegistrationDelegate$BeanPostProcessorChecker - Bean 'reditools:pubsub-redis-message-dispatcher' of type [com.github.paganini2008.springdessert.reditools.messager.PubSubRedisMessageDispatcher] is not eligible for getting processed by all BeanPostProcessors (for example: not eligible for auto-proxying)
2022-10-08 12:39:16 [INFO ] o.s.c.s.PostProcessorRegistrationDelegate$BeanPostProcessorChecker - Bean 'reditools:redis-message-event-listener' of type [com.github.paganini2008.springdessert.reditools.messager.RedisMessageEventListener] is not eligible for getting processed by all BeanPostProcessors (for example: not eligible for auto-proxying)
2022-10-08 12:39:16 [INFO ] o.s.c.s.PostProcessorRegistrationDelegate$BeanPostProcessorChecker - Bean 'applicationMulticastLoadBalancer' of type [io.atlantisframework.tridenter.ApplicationClusterLoadBalancer] is not eligible for getting processed by all BeanPostProcessors (for example: not eligible for auto-proxying)
2022-10-08 12:39:16 [INFO ] o.s.c.s.PostProcessorRegistrationDelegate$BeanPostProcessorChecker - Bean 'instanceIdGenerator' of type [io.atlantisframework.tridenter.DigestInstanceIdGenerator] is not eligible for getting processed by all BeanPostProcessors (for example: not eligible for auto-proxying)
2022-10-08 12:39:16 [INFO ] o.s.c.s.PostProcessorRegistrationDelegate$BeanPostProcessorChecker - Bean 'spring.application.cluster.contact-io.atlantisframework.tridenter.utils.Contact' of type [io.atlantisframework.tridenter.utils.Contact] is not eligible for getting processed by all BeanPostProcessors (for example: not eligible for auto-proxying)
2022-10-08 12:39:16 [INFO ] o.s.c.s.PostProcessorRegistrationDelegate$BeanPostProcessorChecker - Bean 'instanceId' of type [io.atlantisframework.tridenter.InstanceId] is not eligible for getting processed by all BeanPostProcessors (for example: not eligible for auto-proxying)
2022-10-08 12:39:16 [INFO ] o.s.c.s.PostProcessorRegistrationDelegate$BeanPostProcessorChecker - Bean 'multicastMessageAcker' of type [io.atlantisframework.tridenter.multicast.MulticastMessageAcker] is not eligible for getting processed by all BeanPostProcessors (for example: not eligible for auto-proxying)
2022-10-08 12:39:16 [INFO ] o.s.c.s.PostProcessorRegistrationDelegate$BeanPostProcessorChecker - Bean 'applicationMulticastGroup' of type [io.atlantisframework.tridenter.multicast.ApplicationMulticastGroup] is not eligible for getting processed by all BeanPostProcessors (for example: not eligible for auto-proxying)
2022-10-08 12:39:16 [INFO ] o.s.c.s.PostProcessorRegistrationDelegate$BeanPostProcessorChecker - Bean 'io.atlantisframework.vortex.NioTransportAutoConfiguration' of type [io.atlantisframework.vortex.NioTransportAutoConfiguration] is not eligible for getting processed by all BeanPostProcessors (for example: not eligible for auto-proxying)
2022-10-08 12:39:16 [INFO ] o.s.c.s.PostProcessorRegistrationDelegate$BeanPostProcessorChecker - Bean 'partitioner' of type [io.atlantisframework.vortex.common.MultipleChoicePartitioner] is not eligible for getting processed by all BeanPostProcessors (for example: not eligible for auto-proxying)
2022-10-08 12:39:16 [INFO ] o.s.c.s.PostProcessorRegistrationDelegate$BeanPostProcessorChecker - Bean 'io.atlantisframework.greenfinger.GreenFingerAutoConfiguration' of type [io.atlantisframework.greenfinger.GreenFingerAutoConfiguration] is not eligible for getting processed by all BeanPostProcessors (for example: not eligible for auto-proxying)
2022-10-08 12:39:16 [INFO ] o.s.c.s.PostProcessorRegistrationDelegate$BeanPostProcessorChecker - Bean 'com.github.paganini2008.springdessert.reditools.common.RedisCommonConfiguration' of type [com.github.paganini2008.springdessert.reditools.common.RedisCommonConfiguration] is not eligible for getting processed by all BeanPostProcessors (for example: not eligible for auto-proxying)
2022-10-08 12:39:16 [WARN ] io.undertow.websockets.jsr - UT026010: Buffer pool was not set on WebSocketDeploymentInfo, the default pool will be used
2022-10-08 12:39:16 [INFO ] io.undertow.servlet - Initializing Spring embedded WebApplicationContext
2022-10-08 12:39:16 [INFO ] o.s.web.context.ContextLoader - Root WebApplicationContext: initialization completed in 2771 ms
2022-10-08 12:39:16 [INFO ] o.s.s.c.ThreadPoolTaskExecutor - Initializing ExecutorService 'applicationClusterTaskExecutor'
2022-10-08 12:39:17 [INFO ] o.s.s.c.ThreadPoolTaskScheduler - Initializing ExecutorService 'applicationClusterTaskScheduler'
2022-10-08 12:39:17 [INFO ] o.e.plugins.PluginsService - no modules loaded
2022-10-08 12:39:17 [INFO ] o.e.plugins.PluginsService - loaded plugin [org.elasticsearch.index.reindex.ReindexPlugin]
2022-10-08 12:39:17 [INFO ] o.e.plugins.PluginsService - loaded plugin [org.elasticsearch.join.ParentJoinPlugin]
2022-10-08 12:39:17 [INFO ] o.e.plugins.PluginsService - loaded plugin [org.elasticsearch.percolator.PercolatorPlugin]
2022-10-08 12:39:17 [INFO ] o.e.plugins.PluginsService - loaded plugin [org.elasticsearch.script.mustache.MustachePlugin]
2022-10-08 12:39:17 [INFO ] o.e.plugins.PluginsService - loaded plugin [org.elasticsearch.transport.Netty4Plugin]
2022-10-08 12:39:19 [INFO ] o.s.d.e.c.TransportClientFactoryBean - Adding transport node : 192.168.159.131:9300
2022-10-08 12:39:20 [INFO ] com.zaxxer.hikari.HikariDataSource - HikariPool-1 - Starting...
2022-10-08 12:39:21 [INFO ] com.zaxxer.hikari.HikariDataSource - HikariPool-1 - Start completed.
2022-10-08 12:39:21 [INFO ] i.a.g.console.config.JmxConfig - JmxServiceUrl: service:jmx:rmi://192.168.159.1:59201/jndi/rmi://192.168.159.1:59201/jmxrmi
2022-10-08 12:39:21 [INFO ] i.a.g.console.config.JmxConfig - JmxConfigBean create successfully.
2022-10-08 12:39:21 [INFO ] o.s.j.s.ConnectorServerFactoryBean - JMX connector server started: javax.management.remote.rmi.RMIConnectorServer@4ac26092
2022-10-08 12:39:21 [INFO ] i.a.vortex.transport.NettyServer - Netty is started on: 0.0.0.0/0.0.0.0:56214
2022-10-08 12:39:21 [INFO ] o.s.s.c.ThreadPoolTaskExecutor - Initializing ExecutorService 'loopProcessorThreadPool'
2022-10-08 12:39:21 [INFO ] i.a.tridenter.InstanceId - 
	Generate the instanceId: acc37cf73adf32b3b0646d90c7d3597c
2022-10-08 12:39:22 [INFO ] o.s.b.a.e.web.EndpointLinksResolver - Exposing 2 endpoint(s) beneath base path '/actuator'
2022-10-08 12:39:22 [INFO ] i.a.vortex.TupleLoopProcessor - Add handler: timeWindow/io.atlantisframework.vortex.streaming.TimeWindowHandler@4e7e7763
2022-10-08 12:39:22 [INFO ] i.a.vortex.TupleLoopProcessor - Add handler: default/io.atlantisframework.greenfinger.CrawlerHandler@4ecc4b43
2022-10-08 12:39:22 [INFO ] i.a.vortex.TupleLoopProcessor - TupleLoopProcessor is started.
2022-10-08 12:39:22 [INFO ] i.a.t.m.ApplicationMulticastGroup - Registered candidate: {applicationContextPath: http://192.168.159.1:21212/atlantis/greenfinger, applicationName: greenfinger-console, clusterName: greenfinger-console-cluster, id: acc37cf73adf32b3b0646d90c7d3597c, leader: false, startTime: 1665193156157, weight: 1}, Proportion: 2/2
2022-10-08 12:39:22 [INFO ] i.a.v.transport.NioServerStarter - Application '{applicationContextPath: http://192.168.159.1:21212/atlantis/greenfinger, applicationName: greenfinger-console, clusterName: greenfinger-console-cluster, id: acc37cf73adf32b3b0646d90c7d3597c, leader: false, startTime: 1665193156157, weight: 1}' join transport cluster 'greenfinger-console-cluster'
2022-10-08 12:39:22 [INFO ] i.a.t.m.ApplicationRegistryCenter - Register application: [{applicationContextPath: http://192.168.159.1:21212/atlantis/greenfinger, applicationName: greenfinger-console, clusterName: greenfinger-console-cluster, id: acc37cf73adf32b3b0646d90c7d3597c, leader: false, startTime: 1665193156157, weight: 1}] to ApplicationRegistryCenter
2022-10-08 12:39:22 [INFO ] i.a.t.m.ApplicationClusterHeartbeatListener - Keep heartbeating from application 'acc37cf73adf32b3b0646d90c7d3597c' with fixed delay 1 second.
2022-10-08 12:39:22 [INFO ] io.undertow - starting server: Undertow - 2.0.29.Final
2022-10-08 12:39:22 [INFO ] org.xnio - XNIO version 3.3.8.Final
2022-10-08 12:39:22 [INFO ] org.xnio.nio - XNIO NIO Implementation Version 3.3.8.Final
2022-10-08 12:39:22 [INFO ] i.a.vortex.NioTransportContext - NioClient connect to /0.0.0.0:58887
2022-10-08 12:39:22 [INFO ] i.a.t.m.ApplicationMulticastGroup - Registered candidate: {applicationContextPath: http://192.168.159.1:21213/atlantis/greenfinger, applicationName: greenfinger-console, clusterName: greenfinger-console-cluster, id: f45e4052dd03ca3b2d082f865f7ee40c, leader: true, startTime: 1665193041821, weight: 1}, Proportion: 2/2
2022-10-08 12:39:22 [INFO ] i.a.t.m.ApplicationMulticastGroup - Registered candidate: {applicationContextPath: http://192.168.159.1:21212/atlantis/greenfinger, applicationName: greenfinger-console, clusterName: greenfinger-console-cluster, id: acc37cf73adf32b3b0646d90c7d3597c, leader: false, startTime: 1665193156157, weight: 1}, Proportion: 1/1
2022-10-08 12:39:22 [INFO ] i.a.v.transport.NioServerStarter - Application '{applicationContextPath: http://192.168.159.1:21213/atlantis/greenfinger, applicationName: greenfinger-console, clusterName: greenfinger-console-cluster, id: f45e4052dd03ca3b2d082f865f7ee40c, leader: true, startTime: 1665193041821, weight: 1}' join transport cluster 'greenfinger-console-cluster'
2022-10-08 12:39:22 [INFO ] i.a.t.m.ApplicationRegistryCenter - Register application: [{applicationContextPath: http://192.168.159.1:21213/atlantis/greenfinger, applicationName: greenfinger-console, clusterName: greenfinger-console-cluster, id: f45e4052dd03ca3b2d082f865f7ee40c, leader: true, startTime: 1665193041821, weight: 1}] to ApplicationRegistryCenter
2022-10-08 12:39:22 [INFO ] i.a.v.transport.NioServerStarter - Application '{applicationContextPath: http://192.168.159.1:21212/atlantis/greenfinger, applicationName: greenfinger-console, clusterName: greenfinger-console-cluster, id: acc37cf73adf32b3b0646d90c7d3597c, leader: false, startTime: 1665193156157, weight: 1}' join transport cluster 'greenfinger-console-cluster'
2022-10-08 12:39:22 [INFO ] i.a.vortex.NioTransportContext - NioClient connect to /0.0.0.0:56214
2022-10-08 12:39:22 [INFO ] i.a.t.m.ApplicationRegistryCenter - Register application: [{applicationContextPath: http://192.168.159.1:21212/atlantis/greenfinger, applicationName: greenfinger-console, clusterName: greenfinger-console-cluster, id: acc37cf73adf32b3b0646d90c7d3597c, leader: false, startTime: 1665193156157, weight: 1}] to ApplicationRegistryCenter
2022-10-08 12:39:22 [INFO ] i.a.vortex.NioTransportContext - NioClient connect to /0.0.0.0:56214
2022-10-08 12:39:22 [INFO ] i.a.t.m.ApplicationClusterHeartbeatListener - Keep heartbeating from application 'f45e4052dd03ca3b2d082f865f7ee40c' with fixed delay 1 second.
2022-10-08 12:39:22 [INFO ] i.a.t.e.ApplicationLeaderElection - This is the follower of application cluster 'greenfinger-console-cluster'. Current application event type is 'io.atlantisframework.tridenter.election.ApplicationClusterFollowerEvent'
2022-10-08 12:39:22 [INFO ] i.a.t.e.ApplicationLeaderElection - Current leader: {applicationContextPath: http://192.168.159.1:21213/atlantis/greenfinger, applicationName: greenfinger-console, clusterName: greenfinger-console-cluster, id: f45e4052dd03ca3b2d082f865f7ee40c, leader: true, startTime: 1665193041821, weight: 1}
2022-10-08 12:39:22 [INFO ] o.s.b.w.e.u.UndertowServletWebServer - Undertow started on port(s) 21212 (http) with context path '/atlantis/greenfinger'
2022-10-08 12:39:22 [INFO ] i.a.g.c.GreenFingerServerConsoleMain - Started GreenFingerServerConsoleMain in 9.062 seconds (JVM running for 9.707)
2022-10-08 12:39:23 [INFO ] io.undertow.servlet - Initializing Spring DispatcherServlet 'dispatcherServlet'
2022-10-08 12:39:23 [INFO ] o.s.web.servlet.DispatcherServlet - Initializing Servlet 'dispatcherServlet'
2022-10-08 12:39:23 [INFO ] o.s.web.servlet.DispatcherServlet - Completed initialization in 14 ms
