2025-01-13 12:35:15 [INFO ] c.g.g.ui.GreenFingerApplicationMain - Starting GreenFingerApplicationMain using Java 17.0.4.1 on DESKTOP-JVEFRNA with PID 81568 (F:\github_store\greenfinger\greenfinger-console\target\classes started by pagan in F:\github_store\greenfinger\greenfinger-console)
2025-01-13 12:35:15 [INFO ] o.h.validator.internal.util.Version - HV000001: Hibernate Validator 6.2.5.Final
2025-01-13 12:35:15 [INFO ] c.g.g.ui.GreenFingerApplicationMain - The following 1 profile is active: "local"
2025-01-13 12:35:16 [INFO ] o.s.d.r.c.RepositoryConfigurationDelegate - Multiple Spring Data modules found, entering strict repository configuration mode
2025-01-13 12:35:16 [INFO ] o.s.d.r.c.RepositoryConfigurationDelegate - Bootstrapping Spring Data Elasticsearch repositories in DEFAULT mode.
2025-01-13 12:35:17 [INFO ] o.s.d.r.c.RepositoryConfigurationDelegate - Finished Spring Data repository scanning in 555 ms. Found 1 Elasticsearch repository interfaces.
2025-01-13 12:35:17 [INFO ] o.s.d.r.c.RepositoryConfigurationDelegate - Multiple Spring Data modules found, entering strict repository configuration mode
2025-01-13 12:35:17 [INFO ] o.s.d.r.c.RepositoryConfigurationDelegate - Bootstrapping Spring Data Reactive Elasticsearch repositories in DEFAULT mode.
2025-01-13 12:35:17 [INFO ] o.s.d.r.c.RepositoryConfigurationDelegate - Finished Spring Data repository scanning in 3 ms. Found 0 Reactive Elasticsearch repository interfaces.
2025-01-13 12:35:17 [INFO ] o.s.d.r.c.RepositoryConfigurationDelegate - Multiple Spring Data modules found, entering strict repository configuration mode
2025-01-13 12:35:17 [INFO ] o.s.d.r.c.RepositoryConfigurationDelegate - Bootstrapping Spring Data Redis repositories in DEFAULT mode.
2025-01-13 12:35:17 [INFO ] o.s.d.r.c.RepositoryConfigurationDelegate - Finished Spring Data repository scanning in 2 ms. Found 0 Redis repository interfaces.
2025-01-13 12:35:18 [INFO ] c.u.j.c.EnableEncryptablePropertiesBeanFactoryPostProcessor - Post-processing PropertySource instances
2025-01-13 12:35:18 [INFO ] c.u.j.EncryptablePropertySourceConverter - Skipping PropertySource configurationProperties [class org.springframework.boot.context.properties.source.ConfigurationPropertySourcesPropertySource
2025-01-13 12:35:18 [INFO ] c.u.j.EncryptablePropertySourceConverter - Converting PropertySource randomServerPort [org.springframework.core.env.MapPropertySource] to EncryptableMapPropertySourceWrapper
2025-01-13 12:35:18 [INFO ] c.u.j.EncryptablePropertySourceConverter - Skipping PropertySource servletConfigInitParams [class org.springframework.core.env.PropertySource$StubPropertySource
2025-01-13 12:35:18 [INFO ] c.u.j.EncryptablePropertySourceConverter - Skipping PropertySource servletContextInitParams [class org.springframework.core.env.PropertySource$StubPropertySource
2025-01-13 12:35:18 [INFO ] c.u.j.EncryptablePropertySourceConverter - Converting PropertySource systemProperties [org.springframework.core.env.PropertiesPropertySource] to EncryptableMapPropertySourceWrapper
2025-01-13 12:35:18 [INFO ] c.u.j.EncryptablePropertySourceConverter - Converting PropertySource systemEnvironment [org.springframework.boot.env.SystemEnvironmentPropertySourceEnvironmentPostProcessor$OriginAwareSystemEnvironmentPropertySource] to EncryptableSystemEnvironmentPropertySourceWrapper
2025-01-13 12:35:18 [INFO ] c.u.j.EncryptablePropertySourceConverter - Converting PropertySource random [org.springframework.boot.env.RandomValuePropertySource] to EncryptablePropertySourceWrapper
2025-01-13 12:35:18 [INFO ] c.u.j.EncryptablePropertySourceConverter - Converting PropertySource springCloudClientHostInfo [org.springframework.core.env.MapPropertySource] to EncryptableMapPropertySourceWrapper
2025-01-13 12:35:18 [INFO ] c.u.j.EncryptablePropertySourceConverter - Converting PropertySource Config resource 'class path resource [config/application-local.yml]' via location 'optional:classpath:/config/' [org.springframework.boot.env.OriginTrackedMapPropertySource] to EncryptableMapPropertySourceWrapper
2025-01-13 12:35:18 [INFO ] c.u.j.EncryptablePropertySourceConverter - Converting PropertySource Config resource 'class path resource [config/application.properties]' via location 'optional:classpath:/config/' [org.springframework.boot.env.OriginTrackedMapPropertySource] to EncryptableMapPropertySourceWrapper
2025-01-13 12:35:18 [INFO ] c.u.j.EncryptablePropertySourceConverter - Converting PropertySource Config resource 'class path resource [config/application.yml]' via location 'optional:classpath:/config/' [org.springframework.boot.env.OriginTrackedMapPropertySource] to EncryptableMapPropertySourceWrapper
2025-01-13 12:35:18 [INFO ] c.u.j.f.DefaultLazyPropertyFilter - Property Filter custom Bean not found with name 'encryptablePropertyFilter'. Initializing Default Property Filter
2025-01-13 12:35:18 [INFO ] c.u.j.r.DefaultLazyPropertyResolver - Property Resolver custom Bean not found with name 'encryptablePropertyResolver'. Initializing Default Property Resolver
2025-01-13 12:35:18 [INFO ] c.u.j.d.DefaultLazyPropertyDetector - Property Detector custom Bean not found with name 'encryptablePropertyDetector'. Initializing Default Property Detector
2025-01-13 12:35:18 [INFO ] o.s.c.s.PostProcessorRegistrationDelegate$BeanPostProcessorChecker - Bean 'com.github.doodler.common.redis.pubsub.RedisPubSubConfig' of type [com.github.doodler.common.redis.pubsub.RedisPubSubConfig] is not eligible for getting processed by all BeanPostProcessors (for example: not eligible for auto-proxying)
2025-01-13 12:35:19 [INFO ] o.s.c.s.PostProcessorRegistrationDelegate$BeanPostProcessorChecker - Bean 'com.github.doodler.common.redis.eventbus.RedisEventBusConfig' of type [com.github.doodler.common.redis.eventbus.RedisEventBusConfig] is not eligible for getting processed by all BeanPostProcessors (for example: not eligible for auto-proxying)
2025-01-13 12:35:19 [INFO ] o.s.c.s.PostProcessorRegistrationDelegate$BeanPostProcessorChecker - Bean 'org.springframework.cloud.commons.config.CommonsConfigAutoConfiguration' of type [org.springframework.cloud.commons.config.CommonsConfigAutoConfiguration] is not eligible for getting processed by all BeanPostProcessors (for example: not eligible for auto-proxying)
2025-01-13 12:35:19 [INFO ] o.s.c.s.PostProcessorRegistrationDelegate$BeanPostProcessorChecker - Bean 'org.springframework.cloud.client.loadbalancer.LoadBalancerDefaultMappingsProviderAutoConfiguration' of type [org.springframework.cloud.client.loadbalancer.LoadBalancerDefaultMappingsProviderAutoConfiguration] is not eligible for getting processed by all BeanPostProcessors (for example: not eligible for auto-proxying)
2025-01-13 12:35:19 [INFO ] o.s.c.s.PostProcessorRegistrationDelegate$BeanPostProcessorChecker - Bean 'loadBalancerClientsDefaultsMappingsProvider' of type [org.springframework.cloud.client.loadbalancer.LoadBalancerDefaultMappingsProviderAutoConfiguration$$Lambda$590/0x0000000801103ce0] is not eligible for getting processed by all BeanPostProcessors (for example: not eligible for auto-proxying)
2025-01-13 12:35:19 [INFO ] o.s.c.s.PostProcessorRegistrationDelegate$BeanPostProcessorChecker - Bean 'defaultsBindHandlerAdvisor' of type [org.springframework.cloud.commons.config.DefaultsBindHandlerAdvisor] is not eligible for getting processed by all BeanPostProcessors (for example: not eligible for auto-proxying)
2025-01-13 12:35:19 [INFO ] o.s.c.s.PostProcessorRegistrationDelegate$BeanPostProcessorChecker - Bean 'spring.redis-org.springframework.boot.autoconfigure.data.redis.RedisProperties' of type [org.springframework.boot.autoconfigure.data.redis.RedisProperties] is not eligible for getting processed by all BeanPostProcessors (for example: not eligible for auto-proxying)
2025-01-13 12:35:19 [INFO ] o.s.c.s.PostProcessorRegistrationDelegate$BeanPostProcessorChecker - Bean 'org.springframework.boot.autoconfigure.data.redis.LettuceConnectionConfiguration' of type [org.springframework.boot.autoconfigure.data.redis.LettuceConnectionConfiguration] is not eligible for getting processed by all BeanPostProcessors (for example: not eligible for auto-proxying)
2025-01-13 12:35:19 [INFO ] o.s.c.s.PostProcessorRegistrationDelegate$BeanPostProcessorChecker - Bean 'org.springframework.boot.actuate.autoconfigure.metrics.redis.LettuceMetricsAutoConfiguration' of type [org.springframework.boot.actuate.autoconfigure.metrics.redis.LettuceMetricsAutoConfiguration] is not eligible for getting processed by all BeanPostProcessors (for example: not eligible for auto-proxying)
2025-01-13 12:35:19 [INFO ] o.s.c.s.PostProcessorRegistrationDelegate$BeanPostProcessorChecker - Bean 'org.springframework.boot.actuate.autoconfigure.metrics.export.prometheus.PrometheusMetricsExportAutoConfiguration' of type [org.springframework.boot.actuate.autoconfigure.metrics.export.prometheus.PrometheusMetricsExportAutoConfiguration] is not eligible for getting processed by all BeanPostProcessors (for example: not eligible for auto-proxying)
2025-01-13 12:35:19 [INFO ] o.s.c.s.PostProcessorRegistrationDelegate$BeanPostProcessorChecker - Bean 'management.metrics.export.prometheus-org.springframework.boot.actuate.autoconfigure.metrics.export.prometheus.PrometheusProperties' of type [org.springframework.boot.actuate.autoconfigure.metrics.export.prometheus.PrometheusProperties] is not eligible for getting processed by all BeanPostProcessors (for example: not eligible for auto-proxying)
2025-01-13 12:35:19 [INFO ] o.s.c.s.PostProcessorRegistrationDelegate$BeanPostProcessorChecker - Bean 'prometheusConfig' of type [org.springframework.boot.actuate.autoconfigure.metrics.export.prometheus.PrometheusPropertiesConfigAdapter] is not eligible for getting processed by all BeanPostProcessors (for example: not eligible for auto-proxying)
2025-01-13 12:35:19 [INFO ] o.s.c.s.PostProcessorRegistrationDelegate$BeanPostProcessorChecker - Bean 'collectorRegistry' of type [io.prometheus.client.CollectorRegistry] is not eligible for getting processed by all BeanPostProcessors (for example: not eligible for auto-proxying)
2025-01-13 12:35:19 [INFO ] o.s.c.s.PostProcessorRegistrationDelegate$BeanPostProcessorChecker - Bean 'org.springframework.boot.actuate.autoconfigure.metrics.MetricsAutoConfiguration' of type [org.springframework.boot.actuate.autoconfigure.metrics.MetricsAutoConfiguration] is not eligible for getting processed by all BeanPostProcessors (for example: not eligible for auto-proxying)
2025-01-13 12:35:19 [INFO ] o.s.c.s.PostProcessorRegistrationDelegate$BeanPostProcessorChecker - Bean 'micrometerClock' of type [io.micrometer.core.instrument.Clock$1] is not eligible for getting processed by all BeanPostProcessors (for example: not eligible for auto-proxying)
2025-01-13 12:35:19 [INFO ] o.s.c.s.PostProcessorRegistrationDelegate$BeanPostProcessorChecker - Bean 'prometheusMeterRegistry' of type [io.micrometer.prometheus.PrometheusMeterRegistry] is not eligible for getting processed by all BeanPostProcessors (for example: not eligible for auto-proxying)
2025-01-13 12:35:19 [INFO ] o.s.c.s.PostProcessorRegistrationDelegate$BeanPostProcessorChecker - Bean 'micrometerOptions' of type [io.lettuce.core.metrics.MicrometerOptions] is not eligible for getting processed by all BeanPostProcessors (for example: not eligible for auto-proxying)
2025-01-13 12:35:19 [INFO ] o.s.c.s.PostProcessorRegistrationDelegate$BeanPostProcessorChecker - Bean 'lettuceMetrics' of type [org.springframework.boot.actuate.autoconfigure.metrics.redis.LettuceMetricsAutoConfiguration$$Lambda$634/0x000000080118b618] is not eligible for getting processed by all BeanPostProcessors (for example: not eligible for auto-proxying)
2025-01-13 12:35:19 [INFO ] o.s.c.s.PostProcessorRegistrationDelegate$BeanPostProcessorChecker - Bean 'lettuceClientResources' of type [io.lettuce.core.resource.DefaultClientResources] is not eligible for getting processed by all BeanPostProcessors (for example: not eligible for auto-proxying)
2025-01-13 12:35:19 [INFO ] o.s.c.s.PostProcessorRegistrationDelegate$BeanPostProcessorChecker - Bean 'redisConnectionFactory' of type [org.springframework.data.redis.connection.lettuce.LettuceConnectionFactory] is not eligible for getting processed by all BeanPostProcessors (for example: not eligible for auto-proxying)
2025-01-13 12:35:20 [INFO ] o.s.c.s.PostProcessorRegistrationDelegate$BeanPostProcessorChecker - Bean 'redisPubSubService' of type [com.github.doodler.common.redis.pubsub.RedisPubSubServiceImpl] is not eligible for getting processed by all BeanPostProcessors (for example: not eligible for auto-proxying)
2025-01-13 12:35:20 [INFO ] o.s.c.s.PostProcessorRegistrationDelegate$BeanPostProcessorChecker - Bean 'redisEventBus' of type [com.github.doodler.common.redis.eventbus.RedisEventBus] is not eligible for getting processed by all BeanPostProcessors (for example: not eligible for auto-proxying)
2025-01-13 12:35:20 [WARN ] io.undertow.websockets.jsr - UT026010: Buffer pool was not set on WebSocketDeploymentInfo, the default pool will be used
2025-01-13 12:35:20 [INFO ] io.undertow.servlet - Initializing Spring embedded WebApplicationContext
2025-01-13 12:35:20 [INFO ] o.s.b.w.s.c.ServletWebServerApplicationContext - Root WebApplicationContext: initialization completed in 5307 ms
2025-01-13 12:35:20 [WARN ] o.s.b.w.s.c.AnnotationConfigServletWebServerApplicationContext - Exception encountered during context initialization - cancelling refresh attempt: org.springframework.beans.factory.UnsatisfiedDependencyException: Error creating bean with name 'catalogController': Unsatisfied dependency expressed through field 'webCrawlerService'; nested exception is org.springframework.beans.factory.UnsatisfiedDependencyException: Error creating bean with name 'webCrawlerService': Unsatisfied dependency expressed through field 'resourceManager'; nested exception is org.springframework.beans.factory.UnsatisfiedDependencyException: Error creating bean with name 'jdbcResourceManger': Unsatisfied dependency expressed through field 'catalogDao'; nested exception is org.springframework.beans.factory.UnsatisfiedDependencyException: Error creating bean with name 'catalogDao': Unsatisfied dependency expressed through field 'dataSource'; nested exception is org.springframework.beans.factory.BeanCreationException: Error creating bean with name 'dataSource' defined in class path resource [org/springframework/boot/autoconfigure/jdbc/DataSourceConfiguration$Hikari.class]: Bean instantiation via factory method failed; nested exception is org.springframework.beans.BeanInstantiationException: Failed to instantiate [com.zaxxer.hikari.HikariDataSource]: Factory method 'dataSource' threw exception; nested exception is org.springframework.boot.autoconfigure.jdbc.DataSourceProperties$DataSourceBeanCreationException: Failed to determine a suitable driver class
2025-01-13 12:35:20 [INFO ] o.s.b.a.l.ConditionEvaluationReportLoggingListener - 

Error starting ApplicationContext. To display the conditions report re-run your application with 'debug' enabled.
2025-01-13 12:38:37 [INFO ] o.h.validator.internal.util.Version - HV000001: Hibernate Validator 6.2.5.Final
2025-01-13 12:38:37 [INFO ] c.g.g.ui.GreenFingerApplicationMain - Starting GreenFingerApplicationMain using Java 17.0.4.1 on DESKTOP-JVEFRNA with PID 529628 (F:\github_store\greenfinger\greenfinger-console\target\classes started by pagan in F:\github_store\greenfinger\greenfinger-console)
2025-01-13 12:38:37 [INFO ] c.g.g.ui.GreenFingerApplicationMain - The following 1 profile is active: "local"
2025-01-13 12:38:39 [INFO ] o.s.d.r.c.RepositoryConfigurationDelegate - Multiple Spring Data modules found, entering strict repository configuration mode
2025-01-13 12:38:39 [INFO ] o.s.d.r.c.RepositoryConfigurationDelegate - Bootstrapping Spring Data Elasticsearch repositories in DEFAULT mode.
2025-01-13 12:38:40 [INFO ] o.s.d.r.c.RepositoryConfigurationDelegate - Finished Spring Data repository scanning in 569 ms. Found 1 Elasticsearch repository interfaces.
2025-01-13 12:38:40 [INFO ] o.s.d.r.c.RepositoryConfigurationDelegate - Multiple Spring Data modules found, entering strict repository configuration mode
2025-01-13 12:38:40 [INFO ] o.s.d.r.c.RepositoryConfigurationDelegate - Bootstrapping Spring Data Reactive Elasticsearch repositories in DEFAULT mode.
2025-01-13 12:38:40 [INFO ] o.s.d.r.c.RepositoryConfigurationDelegate - Finished Spring Data repository scanning in 4 ms. Found 0 Reactive Elasticsearch repository interfaces.
2025-01-13 12:38:40 [INFO ] o.s.d.r.c.RepositoryConfigurationDelegate - Multiple Spring Data modules found, entering strict repository configuration mode
2025-01-13 12:38:40 [INFO ] o.s.d.r.c.RepositoryConfigurationDelegate - Bootstrapping Spring Data Redis repositories in DEFAULT mode.
2025-01-13 12:38:41 [INFO ] o.s.d.r.c.RepositoryConfigurationDelegate - Finished Spring Data repository scanning in 3 ms. Found 0 Redis repository interfaces.
2025-01-13 12:38:41 [INFO ] c.u.j.c.EnableEncryptablePropertiesBeanFactoryPostProcessor - Post-processing PropertySource instances
2025-01-13 12:38:41 [INFO ] c.u.j.EncryptablePropertySourceConverter - Skipping PropertySource configurationProperties [class org.springframework.boot.context.properties.source.ConfigurationPropertySourcesPropertySource
2025-01-13 12:38:41 [INFO ] c.u.j.EncryptablePropertySourceConverter - Converting PropertySource randomServerPort [org.springframework.core.env.MapPropertySource] to EncryptableMapPropertySourceWrapper
2025-01-13 12:38:41 [INFO ] c.u.j.EncryptablePropertySourceConverter - Skipping PropertySource servletConfigInitParams [class org.springframework.core.env.PropertySource$StubPropertySource
2025-01-13 12:38:41 [INFO ] c.u.j.EncryptablePropertySourceConverter - Skipping PropertySource servletContextInitParams [class org.springframework.core.env.PropertySource$StubPropertySource
2025-01-13 12:38:41 [INFO ] c.u.j.EncryptablePropertySourceConverter - Converting PropertySource systemProperties [org.springframework.core.env.PropertiesPropertySource] to EncryptableMapPropertySourceWrapper
2025-01-13 12:38:41 [INFO ] c.u.j.EncryptablePropertySourceConverter - Converting PropertySource systemEnvironment [org.springframework.boot.env.SystemEnvironmentPropertySourceEnvironmentPostProcessor$OriginAwareSystemEnvironmentPropertySource] to EncryptableSystemEnvironmentPropertySourceWrapper
2025-01-13 12:38:41 [INFO ] c.u.j.EncryptablePropertySourceConverter - Converting PropertySource random [org.springframework.boot.env.RandomValuePropertySource] to EncryptablePropertySourceWrapper
2025-01-13 12:38:41 [INFO ] c.u.j.EncryptablePropertySourceConverter - Converting PropertySource springCloudClientHostInfo [org.springframework.core.env.MapPropertySource] to EncryptableMapPropertySourceWrapper
2025-01-13 12:38:41 [INFO ] c.u.j.EncryptablePropertySourceConverter - Converting PropertySource Config resource 'class path resource [config/application-local.yml]' via location 'optional:classpath:/config/' [org.springframework.boot.env.OriginTrackedMapPropertySource] to EncryptableMapPropertySourceWrapper
2025-01-13 12:38:41 [INFO ] c.u.j.EncryptablePropertySourceConverter - Converting PropertySource Config resource 'class path resource [config/application.properties]' via location 'optional:classpath:/config/' [org.springframework.boot.env.OriginTrackedMapPropertySource] to EncryptableMapPropertySourceWrapper
2025-01-13 12:38:41 [INFO ] c.u.j.EncryptablePropertySourceConverter - Converting PropertySource Config resource 'class path resource [config/application.yml]' via location 'optional:classpath:/config/' [org.springframework.boot.env.OriginTrackedMapPropertySource] to EncryptableMapPropertySourceWrapper
2025-01-13 12:38:41 [INFO ] c.u.j.f.DefaultLazyPropertyFilter - Property Filter custom Bean not found with name 'encryptablePropertyFilter'. Initializing Default Property Filter
2025-01-13 12:38:41 [INFO ] c.u.j.r.DefaultLazyPropertyResolver - Property Resolver custom Bean not found with name 'encryptablePropertyResolver'. Initializing Default Property Resolver
2025-01-13 12:38:41 [INFO ] c.u.j.d.DefaultLazyPropertyDetector - Property Detector custom Bean not found with name 'encryptablePropertyDetector'. Initializing Default Property Detector
2025-01-13 12:38:41 [INFO ] o.s.c.s.PostProcessorRegistrationDelegate$BeanPostProcessorChecker - Bean 'com.github.doodler.common.redis.pubsub.RedisPubSubConfig' of type [com.github.doodler.common.redis.pubsub.RedisPubSubConfig] is not eligible for getting processed by all BeanPostProcessors (for example: not eligible for auto-proxying)
2025-01-13 12:38:41 [INFO ] o.s.c.s.PostProcessorRegistrationDelegate$BeanPostProcessorChecker - Bean 'com.github.doodler.common.redis.eventbus.RedisEventBusConfig' of type [com.github.doodler.common.redis.eventbus.RedisEventBusConfig] is not eligible for getting processed by all BeanPostProcessors (for example: not eligible for auto-proxying)
2025-01-13 12:38:41 [INFO ] o.s.c.s.PostProcessorRegistrationDelegate$BeanPostProcessorChecker - Bean 'org.springframework.cloud.commons.config.CommonsConfigAutoConfiguration' of type [org.springframework.cloud.commons.config.CommonsConfigAutoConfiguration] is not eligible for getting processed by all BeanPostProcessors (for example: not eligible for auto-proxying)
2025-01-13 12:38:41 [INFO ] o.s.c.s.PostProcessorRegistrationDelegate$BeanPostProcessorChecker - Bean 'org.springframework.cloud.client.loadbalancer.LoadBalancerDefaultMappingsProviderAutoConfiguration' of type [org.springframework.cloud.client.loadbalancer.LoadBalancerDefaultMappingsProviderAutoConfiguration] is not eligible for getting processed by all BeanPostProcessors (for example: not eligible for auto-proxying)
2025-01-13 12:38:41 [INFO ] o.s.c.s.PostProcessorRegistrationDelegate$BeanPostProcessorChecker - Bean 'loadBalancerClientsDefaultsMappingsProvider' of type [org.springframework.cloud.client.loadbalancer.LoadBalancerDefaultMappingsProviderAutoConfiguration$$Lambda$590/0x0000000801103ce0] is not eligible for getting processed by all BeanPostProcessors (for example: not eligible for auto-proxying)
2025-01-13 12:38:41 [INFO ] o.s.c.s.PostProcessorRegistrationDelegate$BeanPostProcessorChecker - Bean 'defaultsBindHandlerAdvisor' of type [org.springframework.cloud.commons.config.DefaultsBindHandlerAdvisor] is not eligible for getting processed by all BeanPostProcessors (for example: not eligible for auto-proxying)
2025-01-13 12:38:41 [INFO ] o.s.c.s.PostProcessorRegistrationDelegate$BeanPostProcessorChecker - Bean 'spring.redis-org.springframework.boot.autoconfigure.data.redis.RedisProperties' of type [org.springframework.boot.autoconfigure.data.redis.RedisProperties] is not eligible for getting processed by all BeanPostProcessors (for example: not eligible for auto-proxying)
2025-01-13 12:38:41 [INFO ] o.s.c.s.PostProcessorRegistrationDelegate$BeanPostProcessorChecker - Bean 'org.springframework.boot.autoconfigure.data.redis.LettuceConnectionConfiguration' of type [org.springframework.boot.autoconfigure.data.redis.LettuceConnectionConfiguration] is not eligible for getting processed by all BeanPostProcessors (for example: not eligible for auto-proxying)
2025-01-13 12:38:42 [INFO ] o.s.c.s.PostProcessorRegistrationDelegate$BeanPostProcessorChecker - Bean 'org.springframework.boot.actuate.autoconfigure.metrics.redis.LettuceMetricsAutoConfiguration' of type [org.springframework.boot.actuate.autoconfigure.metrics.redis.LettuceMetricsAutoConfiguration] is not eligible for getting processed by all BeanPostProcessors (for example: not eligible for auto-proxying)
2025-01-13 12:38:42 [INFO ] o.s.c.s.PostProcessorRegistrationDelegate$BeanPostProcessorChecker - Bean 'org.springframework.boot.actuate.autoconfigure.metrics.export.prometheus.PrometheusMetricsExportAutoConfiguration' of type [org.springframework.boot.actuate.autoconfigure.metrics.export.prometheus.PrometheusMetricsExportAutoConfiguration] is not eligible for getting processed by all BeanPostProcessors (for example: not eligible for auto-proxying)
2025-01-13 12:38:42 [INFO ] o.s.c.s.PostProcessorRegistrationDelegate$BeanPostProcessorChecker - Bean 'management.metrics.export.prometheus-org.springframework.boot.actuate.autoconfigure.metrics.export.prometheus.PrometheusProperties' of type [org.springframework.boot.actuate.autoconfigure.metrics.export.prometheus.PrometheusProperties] is not eligible for getting processed by all BeanPostProcessors (for example: not eligible for auto-proxying)
2025-01-13 12:38:42 [INFO ] o.s.c.s.PostProcessorRegistrationDelegate$BeanPostProcessorChecker - Bean 'prometheusConfig' of type [org.springframework.boot.actuate.autoconfigure.metrics.export.prometheus.PrometheusPropertiesConfigAdapter] is not eligible for getting processed by all BeanPostProcessors (for example: not eligible for auto-proxying)
2025-01-13 12:38:42 [INFO ] o.s.c.s.PostProcessorRegistrationDelegate$BeanPostProcessorChecker - Bean 'collectorRegistry' of type [io.prometheus.client.CollectorRegistry] is not eligible for getting processed by all BeanPostProcessors (for example: not eligible for auto-proxying)
2025-01-13 12:38:42 [INFO ] o.s.c.s.PostProcessorRegistrationDelegate$BeanPostProcessorChecker - Bean 'org.springframework.boot.actuate.autoconfigure.metrics.MetricsAutoConfiguration' of type [org.springframework.boot.actuate.autoconfigure.metrics.MetricsAutoConfiguration] is not eligible for getting processed by all BeanPostProcessors (for example: not eligible for auto-proxying)
2025-01-13 12:38:42 [INFO ] o.s.c.s.PostProcessorRegistrationDelegate$BeanPostProcessorChecker - Bean 'micrometerClock' of type [io.micrometer.core.instrument.Clock$1] is not eligible for getting processed by all BeanPostProcessors (for example: not eligible for auto-proxying)
2025-01-13 12:38:42 [INFO ] o.s.c.s.PostProcessorRegistrationDelegate$BeanPostProcessorChecker - Bean 'prometheusMeterRegistry' of type [io.micrometer.prometheus.PrometheusMeterRegistry] is not eligible for getting processed by all BeanPostProcessors (for example: not eligible for auto-proxying)
2025-01-13 12:38:42 [INFO ] o.s.c.s.PostProcessorRegistrationDelegate$BeanPostProcessorChecker - Bean 'micrometerOptions' of type [io.lettuce.core.metrics.MicrometerOptions] is not eligible for getting processed by all BeanPostProcessors (for example: not eligible for auto-proxying)
2025-01-13 12:38:42 [INFO ] o.s.c.s.PostProcessorRegistrationDelegate$BeanPostProcessorChecker - Bean 'lettuceMetrics' of type [org.springframework.boot.actuate.autoconfigure.metrics.redis.LettuceMetricsAutoConfiguration$$Lambda$641/0x0000000801189000] is not eligible for getting processed by all BeanPostProcessors (for example: not eligible for auto-proxying)
2025-01-13 12:38:42 [INFO ] o.s.c.s.PostProcessorRegistrationDelegate$BeanPostProcessorChecker - Bean 'lettuceClientResources' of type [io.lettuce.core.resource.DefaultClientResources] is not eligible for getting processed by all BeanPostProcessors (for example: not eligible for auto-proxying)
2025-01-13 12:38:42 [INFO ] o.s.c.s.PostProcessorRegistrationDelegate$BeanPostProcessorChecker - Bean 'redisConnectionFactory' of type [org.springframework.data.redis.connection.lettuce.LettuceConnectionFactory] is not eligible for getting processed by all BeanPostProcessors (for example: not eligible for auto-proxying)
2025-01-13 12:38:42 [INFO ] o.s.c.s.PostProcessorRegistrationDelegate$BeanPostProcessorChecker - Bean 'redisPubSubService' of type [com.github.doodler.common.redis.pubsub.RedisPubSubServiceImpl] is not eligible for getting processed by all BeanPostProcessors (for example: not eligible for auto-proxying)
2025-01-13 12:38:42 [INFO ] o.s.c.s.PostProcessorRegistrationDelegate$BeanPostProcessorChecker - Bean 'redisEventBus' of type [com.github.doodler.common.redis.eventbus.RedisEventBus] is not eligible for getting processed by all BeanPostProcessors (for example: not eligible for auto-proxying)
2025-01-13 12:38:42 [WARN ] io.undertow.websockets.jsr - UT026010: Buffer pool was not set on WebSocketDeploymentInfo, the default pool will be used
2025-01-13 12:38:42 [INFO ] io.undertow.servlet - Initializing Spring embedded WebApplicationContext
2025-01-13 12:38:42 [INFO ] o.s.b.w.s.c.ServletWebServerApplicationContext - Root WebApplicationContext: initialization completed in 5095 ms
2025-01-13 12:38:48 [WARN ] o.s.b.w.s.c.AnnotationConfigServletWebServerApplicationContext - Exception encountered during context initialization - cancelling refresh attempt: org.springframework.beans.factory.UnsatisfiedDependencyException: Error creating bean with name 'catalogController': Unsatisfied dependency expressed through field 'webCrawlerService'; nested exception is org.springframework.beans.factory.UnsatisfiedDependencyException: Error creating bean with name 'webCrawlerService': Unsatisfied dependency expressed through field 'catalogAdminService'; nested exception is org.springframework.beans.factory.UnsatisfiedDependencyException: Error creating bean with name 'catalogAdminService' defined in file [F:\github_store\greenfinger\greenfinger-spring-boot-starter\target\classes\com\github\greenfinger\CatalogAdminService.class]: Unsatisfied dependency expressed through constructor parameter 1; nested exception is org.springframework.beans.factory.UnsatisfiedDependencyException: Error creating bean with name 'resourceIndexService': Unsatisfied dependency expressed through field 'pageExtractor'; nested exception is org.springframework.beans.factory.NoSuchBeanDefinitionException: No qualifying bean of type 'com.github.greenfinger.components.Extractor' available: expected at least 1 bean which qualifies as autowire candidate. Dependency annotations: {@org.springframework.beans.factory.annotation.Autowired(required=true)}
2025-01-13 12:38:48 [INFO ] o.s.b.a.l.ConditionEvaluationReportLoggingListener - 

Error starting ApplicationContext. To display the conditions report re-run your application with 'debug' enabled.
2025-01-13 12:41:34 [INFO ] c.g.g.ui.GreenFingerApplicationMain - Starting GreenFingerApplicationMain using Java 17.0.4.1 on DESKTOP-JVEFRNA with PID 421032 (F:\github_store\greenfinger\greenfinger-console\target\classes started by pagan in F:\github_store\greenfinger\greenfinger-console)
2025-01-13 12:41:34 [INFO ] o.h.validator.internal.util.Version - HV000001: Hibernate Validator 6.2.5.Final
2025-01-13 12:41:34 [INFO ] c.g.g.ui.GreenFingerApplicationMain - The following 1 profile is active: "local"
2025-01-13 12:41:35 [INFO ] o.s.d.r.c.RepositoryConfigurationDelegate - Multiple Spring Data modules found, entering strict repository configuration mode
2025-01-13 12:41:35 [INFO ] o.s.d.r.c.RepositoryConfigurationDelegate - Bootstrapping Spring Data Elasticsearch repositories in DEFAULT mode.
2025-01-13 12:41:36 [INFO ] o.s.d.r.c.RepositoryConfigurationDelegate - Finished Spring Data repository scanning in 366 ms. Found 1 Elasticsearch repository interfaces.
2025-01-13 12:41:36 [INFO ] o.s.d.r.c.RepositoryConfigurationDelegate - Multiple Spring Data modules found, entering strict repository configuration mode
2025-01-13 12:41:36 [INFO ] o.s.d.r.c.RepositoryConfigurationDelegate - Bootstrapping Spring Data Reactive Elasticsearch repositories in DEFAULT mode.
2025-01-13 12:41:36 [INFO ] o.s.d.r.c.RepositoryConfigurationDelegate - Finished Spring Data repository scanning in 3 ms. Found 0 Reactive Elasticsearch repository interfaces.
2025-01-13 12:41:36 [INFO ] o.s.d.r.c.RepositoryConfigurationDelegate - Multiple Spring Data modules found, entering strict repository configuration mode
2025-01-13 12:41:36 [INFO ] o.s.d.r.c.RepositoryConfigurationDelegate - Bootstrapping Spring Data Redis repositories in DEFAULT mode.
2025-01-13 12:41:36 [INFO ] o.s.d.r.c.RepositoryConfigurationDelegate - Finished Spring Data repository scanning in 3 ms. Found 0 Redis repository interfaces.
2025-01-13 12:41:36 [INFO ] c.u.j.c.EnableEncryptablePropertiesBeanFactoryPostProcessor - Post-processing PropertySource instances
2025-01-13 12:41:36 [INFO ] c.u.j.EncryptablePropertySourceConverter - Skipping PropertySource configurationProperties [class org.springframework.boot.context.properties.source.ConfigurationPropertySourcesPropertySource
2025-01-13 12:41:36 [INFO ] c.u.j.EncryptablePropertySourceConverter - Converting PropertySource randomServerPort [org.springframework.core.env.MapPropertySource] to EncryptableMapPropertySourceWrapper
2025-01-13 12:41:36 [INFO ] c.u.j.EncryptablePropertySourceConverter - Skipping PropertySource servletConfigInitParams [class org.springframework.core.env.PropertySource$StubPropertySource
2025-01-13 12:41:36 [INFO ] c.u.j.EncryptablePropertySourceConverter - Skipping PropertySource servletContextInitParams [class org.springframework.core.env.PropertySource$StubPropertySource
2025-01-13 12:41:36 [INFO ] c.u.j.EncryptablePropertySourceConverter - Converting PropertySource systemProperties [org.springframework.core.env.PropertiesPropertySource] to EncryptableMapPropertySourceWrapper
2025-01-13 12:41:36 [INFO ] c.u.j.EncryptablePropertySourceConverter - Converting PropertySource systemEnvironment [org.springframework.boot.env.SystemEnvironmentPropertySourceEnvironmentPostProcessor$OriginAwareSystemEnvironmentPropertySource] to EncryptableSystemEnvironmentPropertySourceWrapper
2025-01-13 12:41:36 [INFO ] c.u.j.EncryptablePropertySourceConverter - Converting PropertySource random [org.springframework.boot.env.RandomValuePropertySource] to EncryptablePropertySourceWrapper
2025-01-13 12:41:36 [INFO ] c.u.j.EncryptablePropertySourceConverter - Converting PropertySource springCloudClientHostInfo [org.springframework.core.env.MapPropertySource] to EncryptableMapPropertySourceWrapper
2025-01-13 12:41:36 [INFO ] c.u.j.EncryptablePropertySourceConverter - Converting PropertySource Config resource 'class path resource [config/application-local.yml]' via location 'optional:classpath:/config/' [org.springframework.boot.env.OriginTrackedMapPropertySource] to EncryptableMapPropertySourceWrapper
2025-01-13 12:41:36 [INFO ] c.u.j.EncryptablePropertySourceConverter - Converting PropertySource Config resource 'class path resource [config/application.properties]' via location 'optional:classpath:/config/' [org.springframework.boot.env.OriginTrackedMapPropertySource] to EncryptableMapPropertySourceWrapper
2025-01-13 12:41:36 [INFO ] c.u.j.EncryptablePropertySourceConverter - Converting PropertySource Config resource 'class path resource [config/application.yml]' via location 'optional:classpath:/config/' [org.springframework.boot.env.OriginTrackedMapPropertySource] to EncryptableMapPropertySourceWrapper
2025-01-13 12:41:37 [INFO ] c.u.j.f.DefaultLazyPropertyFilter - Property Filter custom Bean not found with name 'encryptablePropertyFilter'. Initializing Default Property Filter
2025-01-13 12:41:37 [INFO ] c.u.j.r.DefaultLazyPropertyResolver - Property Resolver custom Bean not found with name 'encryptablePropertyResolver'. Initializing Default Property Resolver
2025-01-13 12:41:37 [INFO ] c.u.j.d.DefaultLazyPropertyDetector - Property Detector custom Bean not found with name 'encryptablePropertyDetector'. Initializing Default Property Detector
2025-01-13 12:41:37 [INFO ] o.s.c.s.PostProcessorRegistrationDelegate$BeanPostProcessorChecker - Bean 'com.github.doodler.common.redis.pubsub.RedisPubSubConfig' of type [com.github.doodler.common.redis.pubsub.RedisPubSubConfig] is not eligible for getting processed by all BeanPostProcessors (for example: not eligible for auto-proxying)
2025-01-13 12:41:37 [INFO ] o.s.c.s.PostProcessorRegistrationDelegate$BeanPostProcessorChecker - Bean 'com.github.doodler.common.redis.eventbus.RedisEventBusConfig' of type [com.github.doodler.common.redis.eventbus.RedisEventBusConfig] is not eligible for getting processed by all BeanPostProcessors (for example: not eligible for auto-proxying)
2025-01-13 12:41:37 [INFO ] o.s.c.s.PostProcessorRegistrationDelegate$BeanPostProcessorChecker - Bean 'org.springframework.cloud.commons.config.CommonsConfigAutoConfiguration' of type [org.springframework.cloud.commons.config.CommonsConfigAutoConfiguration] is not eligible for getting processed by all BeanPostProcessors (for example: not eligible for auto-proxying)
2025-01-13 12:41:37 [INFO ] o.s.c.s.PostProcessorRegistrationDelegate$BeanPostProcessorChecker - Bean 'org.springframework.cloud.client.loadbalancer.LoadBalancerDefaultMappingsProviderAutoConfiguration' of type [org.springframework.cloud.client.loadbalancer.LoadBalancerDefaultMappingsProviderAutoConfiguration] is not eligible for getting processed by all BeanPostProcessors (for example: not eligible for auto-proxying)
2025-01-13 12:41:37 [INFO ] o.s.c.s.PostProcessorRegistrationDelegate$BeanPostProcessorChecker - Bean 'loadBalancerClientsDefaultsMappingsProvider' of type [org.springframework.cloud.client.loadbalancer.LoadBalancerDefaultMappingsProviderAutoConfiguration$$Lambda$590/0x0000000801103608] is not eligible for getting processed by all BeanPostProcessors (for example: not eligible for auto-proxying)
2025-01-13 12:41:37 [INFO ] o.s.c.s.PostProcessorRegistrationDelegate$BeanPostProcessorChecker - Bean 'defaultsBindHandlerAdvisor' of type [org.springframework.cloud.commons.config.DefaultsBindHandlerAdvisor] is not eligible for getting processed by all BeanPostProcessors (for example: not eligible for auto-proxying)
2025-01-13 12:41:37 [INFO ] o.s.c.s.PostProcessorRegistrationDelegate$BeanPostProcessorChecker - Bean 'spring.redis-org.springframework.boot.autoconfigure.data.redis.RedisProperties' of type [org.springframework.boot.autoconfigure.data.redis.RedisProperties] is not eligible for getting processed by all BeanPostProcessors (for example: not eligible for auto-proxying)
2025-01-13 12:41:37 [INFO ] o.s.c.s.PostProcessorRegistrationDelegate$BeanPostProcessorChecker - Bean 'org.springframework.boot.autoconfigure.data.redis.LettuceConnectionConfiguration' of type [org.springframework.boot.autoconfigure.data.redis.LettuceConnectionConfiguration] is not eligible for getting processed by all BeanPostProcessors (for example: not eligible for auto-proxying)
2025-01-13 12:41:37 [INFO ] o.s.c.s.PostProcessorRegistrationDelegate$BeanPostProcessorChecker - Bean 'org.springframework.boot.actuate.autoconfigure.metrics.redis.LettuceMetricsAutoConfiguration' of type [org.springframework.boot.actuate.autoconfigure.metrics.redis.LettuceMetricsAutoConfiguration] is not eligible for getting processed by all BeanPostProcessors (for example: not eligible for auto-proxying)
2025-01-13 12:41:37 [INFO ] o.s.c.s.PostProcessorRegistrationDelegate$BeanPostProcessorChecker - Bean 'org.springframework.boot.actuate.autoconfigure.metrics.export.prometheus.PrometheusMetricsExportAutoConfiguration' of type [org.springframework.boot.actuate.autoconfigure.metrics.export.prometheus.PrometheusMetricsExportAutoConfiguration] is not eligible for getting processed by all BeanPostProcessors (for example: not eligible for auto-proxying)
2025-01-13 12:41:37 [INFO ] o.s.c.s.PostProcessorRegistrationDelegate$BeanPostProcessorChecker - Bean 'management.metrics.export.prometheus-org.springframework.boot.actuate.autoconfigure.metrics.export.prometheus.PrometheusProperties' of type [org.springframework.boot.actuate.autoconfigure.metrics.export.prometheus.PrometheusProperties] is not eligible for getting processed by all BeanPostProcessors (for example: not eligible for auto-proxying)
2025-01-13 12:41:37 [INFO ] o.s.c.s.PostProcessorRegistrationDelegate$BeanPostProcessorChecker - Bean 'prometheusConfig' of type [org.springframework.boot.actuate.autoconfigure.metrics.export.prometheus.PrometheusPropertiesConfigAdapter] is not eligible for getting processed by all BeanPostProcessors (for example: not eligible for auto-proxying)
2025-01-13 12:41:37 [INFO ] o.s.c.s.PostProcessorRegistrationDelegate$BeanPostProcessorChecker - Bean 'collectorRegistry' of type [io.prometheus.client.CollectorRegistry] is not eligible for getting processed by all BeanPostProcessors (for example: not eligible for auto-proxying)
2025-01-13 12:41:37 [INFO ] o.s.c.s.PostProcessorRegistrationDelegate$BeanPostProcessorChecker - Bean 'org.springframework.boot.actuate.autoconfigure.metrics.MetricsAutoConfiguration' of type [org.springframework.boot.actuate.autoconfigure.metrics.MetricsAutoConfiguration] is not eligible for getting processed by all BeanPostProcessors (for example: not eligible for auto-proxying)
2025-01-13 12:41:37 [INFO ] o.s.c.s.PostProcessorRegistrationDelegate$BeanPostProcessorChecker - Bean 'micrometerClock' of type [io.micrometer.core.instrument.Clock$1] is not eligible for getting processed by all BeanPostProcessors (for example: not eligible for auto-proxying)
2025-01-13 12:41:37 [INFO ] o.s.c.s.PostProcessorRegistrationDelegate$BeanPostProcessorChecker - Bean 'prometheusMeterRegistry' of type [io.micrometer.prometheus.PrometheusMeterRegistry] is not eligible for getting processed by all BeanPostProcessors (for example: not eligible for auto-proxying)
2025-01-13 12:41:37 [INFO ] o.s.c.s.PostProcessorRegistrationDelegate$BeanPostProcessorChecker - Bean 'micrometerOptions' of type [io.lettuce.core.metrics.MicrometerOptions] is not eligible for getting processed by all BeanPostProcessors (for example: not eligible for auto-proxying)
2025-01-13 12:41:37 [INFO ] o.s.c.s.PostProcessorRegistrationDelegate$BeanPostProcessorChecker - Bean 'lettuceMetrics' of type [org.springframework.boot.actuate.autoconfigure.metrics.redis.LettuceMetricsAutoConfiguration$$Lambda$641/0x000000080118c938] is not eligible for getting processed by all BeanPostProcessors (for example: not eligible for auto-proxying)
2025-01-13 12:41:37 [INFO ] o.s.c.s.PostProcessorRegistrationDelegate$BeanPostProcessorChecker - Bean 'lettuceClientResources' of type [io.lettuce.core.resource.DefaultClientResources] is not eligible for getting processed by all BeanPostProcessors (for example: not eligible for auto-proxying)
2025-01-13 12:41:37 [INFO ] o.s.c.s.PostProcessorRegistrationDelegate$BeanPostProcessorChecker - Bean 'redisConnectionFactory' of type [org.springframework.data.redis.connection.lettuce.LettuceConnectionFactory] is not eligible for getting processed by all BeanPostProcessors (for example: not eligible for auto-proxying)
2025-01-13 12:41:37 [INFO ] o.s.c.s.PostProcessorRegistrationDelegate$BeanPostProcessorChecker - Bean 'redisPubSubService' of type [com.github.doodler.common.redis.pubsub.RedisPubSubServiceImpl] is not eligible for getting processed by all BeanPostProcessors (for example: not eligible for auto-proxying)
2025-01-13 12:41:37 [INFO ] o.s.c.s.PostProcessorRegistrationDelegate$BeanPostProcessorChecker - Bean 'redisEventBus' of type [com.github.doodler.common.redis.eventbus.RedisEventBus] is not eligible for getting processed by all BeanPostProcessors (for example: not eligible for auto-proxying)
2025-01-13 12:41:38 [WARN ] io.undertow.websockets.jsr - UT026010: Buffer pool was not set on WebSocketDeploymentInfo, the default pool will be used
2025-01-13 12:41:38 [INFO ] io.undertow.servlet - Initializing Spring embedded WebApplicationContext
2025-01-13 12:41:38 [INFO ] o.s.b.w.s.c.ServletWebServerApplicationContext - Root WebApplicationContext: initialization completed in 3386 ms
2025-01-13 12:41:39 [WARN ] o.s.b.w.s.c.AnnotationConfigServletWebServerApplicationContext - Exception encountered during context initialization - cancelling refresh attempt: org.springframework.beans.factory.UnsatisfiedDependencyException: Error creating bean with name 'toolsController': Unsatisfied dependency expressed through field 'extractor'; nested exception is org.springframework.beans.factory.NoSuchBeanDefinitionException: No qualifying bean of type 'com.github.greenfinger.components.Extractor' available: expected at least 1 bean which qualifies as autowire candidate. Dependency annotations: {@org.springframework.beans.factory.annotation.Autowired(required=true)}
2025-01-13 12:41:39 [INFO ] o.s.b.a.l.ConditionEvaluationReportLoggingListener - 

Error starting ApplicationContext. To display the conditions report re-run your application with 'debug' enabled.
2025-01-13 12:42:50 [INFO ] o.h.validator.internal.util.Version - HV000001: Hibernate Validator 6.2.5.Final
2025-01-13 12:42:50 [INFO ] c.g.g.ui.GreenFingerApplicationMain - Starting GreenFingerApplicationMain using Java 17.0.4.1 on DESKTOP-JVEFRNA with PID 187764 (F:\github_store\greenfinger\greenfinger-console\target\classes started by pagan in F:\github_store\greenfinger\greenfinger-console)
2025-01-13 12:42:50 [INFO ] c.g.g.ui.GreenFingerApplicationMain - The following 1 profile is active: "local"
2025-01-13 12:42:52 [INFO ] o.s.d.r.c.RepositoryConfigurationDelegate - Multiple Spring Data modules found, entering strict repository configuration mode
2025-01-13 12:42:52 [INFO ] o.s.d.r.c.RepositoryConfigurationDelegate - Bootstrapping Spring Data Elasticsearch repositories in DEFAULT mode.
2025-01-13 12:42:52 [INFO ] o.s.d.r.c.RepositoryConfigurationDelegate - Finished Spring Data repository scanning in 459 ms. Found 1 Elasticsearch repository interfaces.
2025-01-13 12:42:52 [INFO ] o.s.d.r.c.RepositoryConfigurationDelegate - Multiple Spring Data modules found, entering strict repository configuration mode
2025-01-13 12:42:52 [INFO ] o.s.d.r.c.RepositoryConfigurationDelegate - Bootstrapping Spring Data Reactive Elasticsearch repositories in DEFAULT mode.
2025-01-13 12:42:52 [INFO ] o.s.d.r.c.RepositoryConfigurationDelegate - Finished Spring Data repository scanning in 3 ms. Found 0 Reactive Elasticsearch repository interfaces.
2025-01-13 12:42:52 [INFO ] o.s.d.r.c.RepositoryConfigurationDelegate - Multiple Spring Data modules found, entering strict repository configuration mode
2025-01-13 12:42:52 [INFO ] o.s.d.r.c.RepositoryConfigurationDelegate - Bootstrapping Spring Data Redis repositories in DEFAULT mode.
2025-01-13 12:42:52 [INFO ] o.s.d.r.c.RepositoryConfigurationDelegate - Finished Spring Data repository scanning in 2 ms. Found 0 Redis repository interfaces.
2025-01-13 12:42:53 [INFO ] c.u.j.c.EnableEncryptablePropertiesBeanFactoryPostProcessor - Post-processing PropertySource instances
2025-01-13 12:42:53 [INFO ] c.u.j.EncryptablePropertySourceConverter - Skipping PropertySource configurationProperties [class org.springframework.boot.context.properties.source.ConfigurationPropertySourcesPropertySource
2025-01-13 12:42:53 [INFO ] c.u.j.EncryptablePropertySourceConverter - Converting PropertySource randomServerPort [org.springframework.core.env.MapPropertySource] to EncryptableMapPropertySourceWrapper
2025-01-13 12:42:53 [INFO ] c.u.j.EncryptablePropertySourceConverter - Skipping PropertySource servletConfigInitParams [class org.springframework.core.env.PropertySource$StubPropertySource
2025-01-13 12:42:53 [INFO ] c.u.j.EncryptablePropertySourceConverter - Skipping PropertySource servletContextInitParams [class org.springframework.core.env.PropertySource$StubPropertySource
2025-01-13 12:42:53 [INFO ] c.u.j.EncryptablePropertySourceConverter - Converting PropertySource systemProperties [org.springframework.core.env.PropertiesPropertySource] to EncryptableMapPropertySourceWrapper
2025-01-13 12:42:53 [INFO ] c.u.j.EncryptablePropertySourceConverter - Converting PropertySource systemEnvironment [org.springframework.boot.env.SystemEnvironmentPropertySourceEnvironmentPostProcessor$OriginAwareSystemEnvironmentPropertySource] to EncryptableSystemEnvironmentPropertySourceWrapper
2025-01-13 12:42:53 [INFO ] c.u.j.EncryptablePropertySourceConverter - Converting PropertySource random [org.springframework.boot.env.RandomValuePropertySource] to EncryptablePropertySourceWrapper
2025-01-13 12:42:53 [INFO ] c.u.j.EncryptablePropertySourceConverter - Converting PropertySource springCloudClientHostInfo [org.springframework.core.env.MapPropertySource] to EncryptableMapPropertySourceWrapper
2025-01-13 12:42:53 [INFO ] c.u.j.EncryptablePropertySourceConverter - Converting PropertySource Config resource 'class path resource [config/application-local.yml]' via location 'optional:classpath:/config/' [org.springframework.boot.env.OriginTrackedMapPropertySource] to EncryptableMapPropertySourceWrapper
2025-01-13 12:42:53 [INFO ] c.u.j.EncryptablePropertySourceConverter - Converting PropertySource Config resource 'class path resource [config/application.properties]' via location 'optional:classpath:/config/' [org.springframework.boot.env.OriginTrackedMapPropertySource] to EncryptableMapPropertySourceWrapper
2025-01-13 12:42:53 [INFO ] c.u.j.EncryptablePropertySourceConverter - Converting PropertySource Config resource 'class path resource [config/application.yml]' via location 'optional:classpath:/config/' [org.springframework.boot.env.OriginTrackedMapPropertySource] to EncryptableMapPropertySourceWrapper
2025-01-13 12:42:53 [INFO ] c.u.j.f.DefaultLazyPropertyFilter - Property Filter custom Bean not found with name 'encryptablePropertyFilter'. Initializing Default Property Filter
2025-01-13 12:42:53 [INFO ] c.u.j.r.DefaultLazyPropertyResolver - Property Resolver custom Bean not found with name 'encryptablePropertyResolver'. Initializing Default Property Resolver
2025-01-13 12:42:53 [INFO ] c.u.j.d.DefaultLazyPropertyDetector - Property Detector custom Bean not found with name 'encryptablePropertyDetector'. Initializing Default Property Detector
2025-01-13 12:42:53 [INFO ] o.s.c.s.PostProcessorRegistrationDelegate$BeanPostProcessorChecker - Bean 'com.github.doodler.common.redis.pubsub.RedisPubSubConfig' of type [com.github.doodler.common.redis.pubsub.RedisPubSubConfig] is not eligible for getting processed by all BeanPostProcessors (for example: not eligible for auto-proxying)
2025-01-13 12:42:53 [INFO ] o.s.c.s.PostProcessorRegistrationDelegate$BeanPostProcessorChecker - Bean 'com.github.doodler.common.redis.eventbus.RedisEventBusConfig' of type [com.github.doodler.common.redis.eventbus.RedisEventBusConfig] is not eligible for getting processed by all BeanPostProcessors (for example: not eligible for auto-proxying)
2025-01-13 12:42:53 [INFO ] o.s.c.s.PostProcessorRegistrationDelegate$BeanPostProcessorChecker - Bean 'org.springframework.cloud.commons.config.CommonsConfigAutoConfiguration' of type [org.springframework.cloud.commons.config.CommonsConfigAutoConfiguration] is not eligible for getting processed by all BeanPostProcessors (for example: not eligible for auto-proxying)
2025-01-13 12:42:53 [INFO ] o.s.c.s.PostProcessorRegistrationDelegate$BeanPostProcessorChecker - Bean 'org.springframework.cloud.client.loadbalancer.LoadBalancerDefaultMappingsProviderAutoConfiguration' of type [org.springframework.cloud.client.loadbalancer.LoadBalancerDefaultMappingsProviderAutoConfiguration] is not eligible for getting processed by all BeanPostProcessors (for example: not eligible for auto-proxying)
2025-01-13 12:42:53 [INFO ] o.s.c.s.PostProcessorRegistrationDelegate$BeanPostProcessorChecker - Bean 'loadBalancerClientsDefaultsMappingsProvider' of type [org.springframework.cloud.client.loadbalancer.LoadBalancerDefaultMappingsProviderAutoConfiguration$$Lambda$590/0x0000000801103860] is not eligible for getting processed by all BeanPostProcessors (for example: not eligible for auto-proxying)
2025-01-13 12:42:53 [INFO ] o.s.c.s.PostProcessorRegistrationDelegate$BeanPostProcessorChecker - Bean 'defaultsBindHandlerAdvisor' of type [org.springframework.cloud.commons.config.DefaultsBindHandlerAdvisor] is not eligible for getting processed by all BeanPostProcessors (for example: not eligible for auto-proxying)
2025-01-13 12:42:53 [INFO ] o.s.c.s.PostProcessorRegistrationDelegate$BeanPostProcessorChecker - Bean 'spring.redis-org.springframework.boot.autoconfigure.data.redis.RedisProperties' of type [org.springframework.boot.autoconfigure.data.redis.RedisProperties] is not eligible for getting processed by all BeanPostProcessors (for example: not eligible for auto-proxying)
2025-01-13 12:42:53 [INFO ] o.s.c.s.PostProcessorRegistrationDelegate$BeanPostProcessorChecker - Bean 'org.springframework.boot.autoconfigure.data.redis.LettuceConnectionConfiguration' of type [org.springframework.boot.autoconfigure.data.redis.LettuceConnectionConfiguration] is not eligible for getting processed by all BeanPostProcessors (for example: not eligible for auto-proxying)
2025-01-13 12:42:53 [INFO ] o.s.c.s.PostProcessorRegistrationDelegate$BeanPostProcessorChecker - Bean 'org.springframework.boot.actuate.autoconfigure.metrics.redis.LettuceMetricsAutoConfiguration' of type [org.springframework.boot.actuate.autoconfigure.metrics.redis.LettuceMetricsAutoConfiguration] is not eligible for getting processed by all BeanPostProcessors (for example: not eligible for auto-proxying)
2025-01-13 12:42:53 [INFO ] o.s.c.s.PostProcessorRegistrationDelegate$BeanPostProcessorChecker - Bean 'org.springframework.boot.actuate.autoconfigure.metrics.export.prometheus.PrometheusMetricsExportAutoConfiguration' of type [org.springframework.boot.actuate.autoconfigure.metrics.export.prometheus.PrometheusMetricsExportAutoConfiguration] is not eligible for getting processed by all BeanPostProcessors (for example: not eligible for auto-proxying)
2025-01-13 12:42:53 [INFO ] o.s.c.s.PostProcessorRegistrationDelegate$BeanPostProcessorChecker - Bean 'management.metrics.export.prometheus-org.springframework.boot.actuate.autoconfigure.metrics.export.prometheus.PrometheusProperties' of type [org.springframework.boot.actuate.autoconfigure.metrics.export.prometheus.PrometheusProperties] is not eligible for getting processed by all BeanPostProcessors (for example: not eligible for auto-proxying)
2025-01-13 12:42:53 [INFO ] o.s.c.s.PostProcessorRegistrationDelegate$BeanPostProcessorChecker - Bean 'prometheusConfig' of type [org.springframework.boot.actuate.autoconfigure.metrics.export.prometheus.PrometheusPropertiesConfigAdapter] is not eligible for getting processed by all BeanPostProcessors (for example: not eligible for auto-proxying)
2025-01-13 12:42:53 [INFO ] o.s.c.s.PostProcessorRegistrationDelegate$BeanPostProcessorChecker - Bean 'collectorRegistry' of type [io.prometheus.client.CollectorRegistry] is not eligible for getting processed by all BeanPostProcessors (for example: not eligible for auto-proxying)
2025-01-13 12:42:53 [INFO ] o.s.c.s.PostProcessorRegistrationDelegate$BeanPostProcessorChecker - Bean 'org.springframework.boot.actuate.autoconfigure.metrics.MetricsAutoConfiguration' of type [org.springframework.boot.actuate.autoconfigure.metrics.MetricsAutoConfiguration] is not eligible for getting processed by all BeanPostProcessors (for example: not eligible for auto-proxying)
2025-01-13 12:42:53 [INFO ] o.s.c.s.PostProcessorRegistrationDelegate$BeanPostProcessorChecker - Bean 'micrometerClock' of type [io.micrometer.core.instrument.Clock$1] is not eligible for getting processed by all BeanPostProcessors (for example: not eligible for auto-proxying)
2025-01-13 12:42:53 [INFO ] o.s.c.s.PostProcessorRegistrationDelegate$BeanPostProcessorChecker - Bean 'prometheusMeterRegistry' of type [io.micrometer.prometheus.PrometheusMeterRegistry] is not eligible for getting processed by all BeanPostProcessors (for example: not eligible for auto-proxying)
2025-01-13 12:42:53 [INFO ] o.s.c.s.PostProcessorRegistrationDelegate$BeanPostProcessorChecker - Bean 'micrometerOptions' of type [io.lettuce.core.metrics.MicrometerOptions] is not eligible for getting processed by all BeanPostProcessors (for example: not eligible for auto-proxying)
2025-01-13 12:42:53 [INFO ] o.s.c.s.PostProcessorRegistrationDelegate$BeanPostProcessorChecker - Bean 'lettuceMetrics' of type [org.springframework.boot.actuate.autoconfigure.metrics.redis.LettuceMetricsAutoConfiguration$$Lambda$641/0x000000080118c938] is not eligible for getting processed by all BeanPostProcessors (for example: not eligible for auto-proxying)
2025-01-13 12:42:53 [INFO ] o.s.c.s.PostProcessorRegistrationDelegate$BeanPostProcessorChecker - Bean 'lettuceClientResources' of type [io.lettuce.core.resource.DefaultClientResources] is not eligible for getting processed by all BeanPostProcessors (for example: not eligible for auto-proxying)
2025-01-13 12:42:54 [INFO ] o.s.c.s.PostProcessorRegistrationDelegate$BeanPostProcessorChecker - Bean 'redisConnectionFactory' of type [org.springframework.data.redis.connection.lettuce.LettuceConnectionFactory] is not eligible for getting processed by all BeanPostProcessors (for example: not eligible for auto-proxying)
2025-01-13 12:42:54 [INFO ] o.s.c.s.PostProcessorRegistrationDelegate$BeanPostProcessorChecker - Bean 'redisPubSubService' of type [com.github.doodler.common.redis.pubsub.RedisPubSubServiceImpl] is not eligible for getting processed by all BeanPostProcessors (for example: not eligible for auto-proxying)
2025-01-13 12:42:54 [INFO ] o.s.c.s.PostProcessorRegistrationDelegate$BeanPostProcessorChecker - Bean 'redisEventBus' of type [com.github.doodler.common.redis.eventbus.RedisEventBus] is not eligible for getting processed by all BeanPostProcessors (for example: not eligible for auto-proxying)
2025-01-13 12:42:54 [WARN ] io.undertow.websockets.jsr - UT026010: Buffer pool was not set on WebSocketDeploymentInfo, the default pool will be used
2025-01-13 12:42:54 [INFO ] io.undertow.servlet - Initializing Spring embedded WebApplicationContext
2025-01-13 12:42:54 [INFO ] o.s.b.w.s.c.ServletWebServerApplicationContext - Root WebApplicationContext: initialization completed in 3495 ms
2025-01-13 12:42:55 [INFO ] org.redisson.Version - Redisson 3.18.0
2025-01-13 12:42:56 [INFO ] o.r.c.p.MasterPubSubConnectionPool - 1 connections initialized for localhost/127.0.0.1:6379
2025-01-13 12:42:56 [INFO ] o.r.c.pool.MasterConnectionPool - 24 connections initialized for localhost/127.0.0.1:6379
2025-01-13 12:42:56 [INFO ] c.g.d.c.t.netty.NettyServer - NettyServer is started on: /192.168.159.1:44463
2025-01-13 12:42:56 [INFO ] c.g.d.c.c.r.RedisServiceInstanceManager - com.github.doodler.common.cloud.redis.RedisServiceInstanceManager will be running periodically with initialDelay: 30, period: 30, timeUnit: SECONDS
2025-01-13 12:42:56 [INFO ] c.g.d.c.utils.SerializableTaskTimer - com.github.doodler.common.utils.SerializableTaskTimer will start working after application being ready
2025-01-13 12:42:57 [INFO ] c.g.d.c.c.SiblingDiscoveryClientChecker - com.github.doodler.common.cloud.SiblingDiscoveryClientChecker will start working after application being ready
2025-01-13 12:42:57 [INFO ] c.g.d.c.c.ExclusiveDiscoveryClientChecker - com.github.doodler.common.cloud.ExclusiveDiscoveryClientChecker will be running periodically with initialDelay: 60, period: 30, timeUnit: SECONDS
2025-01-13 12:42:57 [INFO ] c.g.d.c.c.DiscoveryClientLoadBalancerClient - LoadBalancerClient has loaded 0 instance(s) of application: vortex-tsd-service
2025-01-13 12:42:57 [INFO ] c.g.d.c.c.DiscoveryClientLoadBalancerClient - LoadBalancerClient has loaded 0 instance(s) of application: doodler-tss-service
2025-01-13 12:42:57 [INFO ] c.g.d.c.c.DiscoveryClientLoadBalancerClient - LoadBalancerClient has loaded 0 instance(s) of application: doodler-transmitter-service
2025-01-13 12:42:57 [INFO ] c.g.d.c.c.DiscoveryClientLoadBalancerClient - LoadBalancerClient has loaded 0 instance(s) of application: doodler-common-service
2025-01-13 12:42:57 [INFO ] c.g.d.c.c.DiscoveryClientLoadBalancerClient - LoadBalancerClient has loaded 0 instance(s) of application: doodler-quartz-service
2025-01-13 12:42:58 [INFO ] c.g.d.c.r.p.RedisMessageEventDispatcher - Registered pubsub method: com.github.doodler.common.redis.eventbus.SubscriberEventPublisher#public synchronized void com.github.doodler.common.redis.eventbus.SubscriberEventPublisher.onEvent(java.lang.String,java.lang.Object)
2025-01-13 12:42:58 [INFO ] o.s.b.a.e.web.EndpointLinksResolver - Exposing 18 endpoint(s) beneath base path '/monitor'
2025-01-13 12:42:58 [INFO ] io.undertow - starting server: Undertow - 2.2.28.Final
2025-01-13 12:42:58 [INFO ] org.xnio - XNIO version 3.8.7.Final
2025-01-13 12:42:58 [INFO ] org.xnio.nio - XNIO NIO Implementation Version 3.8.7.Final
2025-01-13 12:42:58 [INFO ] org.jboss.threads - JBoss Threads version 3.1.0.Final
2025-01-13 12:42:58 [INFO ] o.s.b.w.e.undertow.UndertowWebServer - Undertow started on port(s) 6120 (http)
2025-01-13 12:42:58 [INFO ] c.u.j.c.RefreshScopeRefreshedEventListener - Refreshing cached encryptable property sources on ServletWebServerInitializedEvent
2025-01-13 12:42:58 [INFO ] c.u.j.c.CachingDelegateEncryptablePropertySource - Property Source randomServerPort refreshed
2025-01-13 12:42:58 [INFO ] c.u.j.c.CachingDelegateEncryptablePropertySource - Property Source systemProperties refreshed
2025-01-13 12:42:58 [INFO ] c.u.j.c.CachingDelegateEncryptablePropertySource - Property Source systemEnvironment refreshed
2025-01-13 12:42:58 [INFO ] c.u.j.c.CachingDelegateEncryptablePropertySource - Property Source random refreshed
2025-01-13 12:42:58 [INFO ] c.u.j.c.CachingDelegateEncryptablePropertySource - Property Source springCloudClientHostInfo refreshed
2025-01-13 12:42:58 [INFO ] c.u.j.c.CachingDelegateEncryptablePropertySource - Property Source Config resource 'class path resource [config/application-local.yml]' via location 'optional:classpath:/config/' refreshed
2025-01-13 12:42:58 [INFO ] c.u.j.c.CachingDelegateEncryptablePropertySource - Property Source Config resource 'class path resource [config/application.properties]' via location 'optional:classpath:/config/' refreshed
2025-01-13 12:42:58 [INFO ] c.u.j.c.CachingDelegateEncryptablePropertySource - Property Source Config resource 'class path resource [config/application.yml]' via location 'optional:classpath:/config/' refreshed
2025-01-13 12:42:58 [INFO ] c.u.j.EncryptablePropertySourceConverter - Converting PropertySource server.ports [org.springframework.core.env.MapPropertySource] to EncryptableMapPropertySourceWrapper
2025-01-13 12:42:58 [INFO ] c.u.j.EncryptablePropertySourceConverter - Skipping PropertySource configurationProperties [class org.springframework.boot.context.properties.source.ConfigurationPropertySourcesPropertySource
2025-01-13 12:42:58 [INFO ] c.u.j.EncryptablePropertySourceConverter - Skipping PropertySource servletConfigInitParams [class org.springframework.core.env.PropertySource$StubPropertySource
2025-01-13 12:42:58 [INFO ] c.u.j.EncryptablePropertySourceConverter - Converting PropertySource servletContextInitParams [org.springframework.web.context.support.ServletContextPropertySource] to EncryptableEnumerablePropertySourceWrapper
2025-01-13 12:42:58 [INFO ] c.u.j.EncryptablePropertySourceConverter - Converting PropertySource Management Server [org.springframework.boot.actuate.autoconfigure.web.server.ManagementContextAutoConfiguration$SameManagementContextConfiguration$1] to EncryptablePropertySourceWrapper
2025-01-13 12:42:58 [INFO ] c.g.d.c.c.r.RedisServiceInstanceManager - Register new application instance '[INS-jVwg16B@greenfinger-console-service] serviceId: greenfinger-console-service, host: 192.168.159.1, port: 6120'
2025-01-13 12:42:58 [INFO ] c.g.g.ui.GreenFingerApplicationMain - Started GreenFingerApplicationMain in 8.686 seconds (JVM running for 9.423)
2025-01-13 12:42:58 [INFO ] c.g.d.c.webmvc.DefaultInstanceIdImpl - [INS-jVwg16B@greenfinger-console-service] Web application is ready to accept connections ...
2025-01-13 12:42:58 [INFO ] c.g.d.c.utils.SerializableTaskTimer - com.github.doodler.common.utils.SerializableTaskTimer will be running periodically with initialDelay: 5, period: 5, timeUnit: SECONDS
2025-01-13 12:42:58 [INFO ] c.g.d.c.c.SiblingDiscoveryClientChecker - com.github.doodler.common.cloud.SiblingDiscoveryClientChecker will be running periodically with initialDelay: 60, period: 30, timeUnit: SECONDS
2025-01-13 12:42:58 [WARN ] c.g.d.c.c.PrimaryApplicationInfoListener - No primary application selected because of no available applications for name: greenfinger-console-service
2025-01-13 12:42:58 [INFO ] c.g.d.c.c.PrimaryApplicationInfoListener$PrimaryApplicationInfoChecker - com.github.doodler.common.cloud.PrimaryApplicationInfoListener$PrimaryApplicationInfoChecker will be running periodically with initialDelay: 15, period: 15, timeUnit: SECONDS
2025-01-13 12:42:59 [INFO ] c.g.d.c.t.NioClientBootstrap - Successfully connected to address: /192.168.159.1:44463
2025-01-13 12:42:59 [INFO ] c.g.d.c.t.netty.NettyChannelContext - Current active channel's count: 1
2025-01-13 12:43:13 [WARN ] c.g.d.c.c.PrimaryApplicationInfoListener - No primary application selected because of no available applications for name: greenfinger-console-service
2025-01-13 12:43:28 [INFO ] c.g.d.c.c.PrimaryApplicationInfoListener - ApplicationInfo(clusterId=default, instanceId=INS-jVwg16B@greenfinger-console-service, serviceId=greenfinger-console-service, host=192.168.159.1, externalHost=110.141.38.94, port=6120, secure=false, weight=1, contextPath=, actuatorPort=6120, actuatorContextPath=, metadata={executableFile=greenfinger-console-service-1.0.0-SNAPSHOT.jar, executablePath=F:\github_store\greenfinger\greenfinger-console, APPLICATION_INFO=ew0KICAiY2x1c3RlcklkIiA6ICJkZWZhdWx0IiwNCiAgImluc3RhbmNlSWQiIDogIklOUy1qVndnMTZCQGdyZWVuZmluZ2VyLWNvbnNvbGUtc2VydmljZSIsDQogICJzZXJ2aWNlSWQiIDogImdyZWVuZmluZ2VyLWNvbnNvbGUtc2VydmljZSIsDQogICJob3N0IiA6ICIxOTIuMTY4LjE1OS4xIiwNCiAgImV4dGVybmFsSG9zdCIgOiAiMTEwLjE0MS4zOC45NCIsDQogICJwb3J0IiA6IDYxMjAsDQogICJzZWN1cmUiIDogZmFsc2UsDQogICJ3ZWlnaHQiIDogMSwNCiAgImNvbnRleHRQYXRoIiA6ICIiLA0KICAiYWN0dWF0b3JQb3J0IiA6IDYxMjAsDQogICJhY3R1YXRvckNvbnRleHRQYXRoIiA6ICIiDQp9, pid=187764, TRANSMITTER-SERVER-LOCATION=192.168.159.1:44463, user=pagan, vmArgs=--add-opens=java.base/java.lang=ALL-UNNAMED -Dfile.encoding=UTF-8 -XX:+ShowCodeDetailsInExceptionMessages, uptime=1736772178068}) is primary.
2025-01-13 12:43:59 [INFO ] c.g.d.c.t.n.NettyServerKeepAlivePolicy - A keep-alive message was not received within 60 second(s).
